#! /usr/bin/vvp
:ivl_version "10.3 (stable)";
:ivl_delay_selection "TYPICAL";
:vpi_time_precision - 9;
:vpi_module "system";
:vpi_module "vhdl_sys";
:vpi_module "v2005_math";
:vpi_module "va_math";
S_0x55b2717cf6e0 .scope module, "testbench" "testbench" 2 9;
 .timescale -9 -9;
v0x55b27189d820_0 .var "clock_tb", 0 0;
v0x55b27189d8c0_0 .var "rst_n_tb", 0 0;
S_0x55b2717d1020 .scope module, "riscv" "processador" 2 13, 3 1 0, S_0x55b2717cf6e0;
 .timescale 0 0;
    .port_info 0 /INPUT 1 "clk"
    .port_info 1 /INPUT 1 "rst_n"
v0x55b27189d130_0 .net "clk", 0 0, v0x55b27189d820_0;  1 drivers
v0x55b27189d1f0_0 .net "d_mem_addr", 5 0, L_0x55b27189dea0;  1 drivers
RS_0x7fee379acb88 .resolv tri, L_0x55b2718ae1c0, L_0x55b2718ba870;
v0x55b27189d340_0 .net8 "d_mem_data", 63 0, RS_0x7fee379acb88;  2 drivers
v0x55b27189d470_0 .net "d_mem_we", 0 0, L_0x55b27189dab0;  1 drivers
v0x55b27189d510_0 .net "i_mem_addr", 5 0, L_0x55b27189df40;  1 drivers
v0x55b27189d660_0 .net "i_mem_data", 31 0, L_0x55b2718ba580;  1 drivers
v0x55b27189d720_0 .net "rst_n", 0 0, v0x55b27189d8c0_0;  1 drivers
S_0x55b2717cf8a0 .scope module, "mem" "memoria" 3 21, 4 1 0, S_0x55b2717d1020;
 .timescale 0 0;
    .port_info 0 /INPUT 6 "i_mem_addr"
    .port_info 1 /OUTPUT 32 "i_mem_data"
    .port_info 2 /INPUT 1 "d_mem_we"
    .port_info 3 /INPUT 6 "d_mem_addr"
    .port_info 4 /INOUT 64 "d_mem_data"
P_0x55b27186f9a0 .param/l "d_addr_bits" 0 4 4, +C4<00000000000000000000000000000110>;
P_0x55b27186f9e0 .param/l "i_addr_bits" 0 4 3, +C4<00000000000000000000000000000110>;
L_0x55b2718ba960 .functor BUFZ 64, RS_0x7fee379acb88, C4<0000000000000000000000000000000000000000000000000000000000000000>, C4<0000000000000000000000000000000000000000000000000000000000000000>, C4<0000000000000000000000000000000000000000000000000000000000000000>;
v0x55b271886eb0_0 .net *"_s0", 31 0, L_0x55b2718ba640;  1 drivers
L_0x7fee379640b0 .functor BUFT 1, C4<0000000000000000000000000000000>, C4<0>, C4<0>, C4<0>;
v0x55b271886f90_0 .net *"_s3", 30 0, L_0x7fee379640b0;  1 drivers
L_0x7fee379640f8 .functor BUFT 1, C4<00000000000000000000000000000001>, C4<0>, C4<0>, C4<0>;
v0x55b271887070_0 .net/2u *"_s4", 31 0, L_0x7fee379640f8;  1 drivers
v0x55b271887130_0 .net *"_s6", 0 0, L_0x55b2718ba730;  1 drivers
o0x7fee379acb58 .functor BUFZ 64, C4<zzzzzzzzzzzzzzzzzzzzzzzzzzzzzzzzzzzzzzzzzzzzzzzzzzzzzzzzzzzzzzzz>; HiZ drive
; Elide local net with no drivers, v0x55b2718871f0_0 name=_s8
v0x55b2718872d0_0 .net "d_mem_addr", 5 0, L_0x55b27189dea0;  alias, 1 drivers
v0x55b271887390_0 .net8 "d_mem_data", 63 0, RS_0x7fee379acb88;  alias, 2 drivers
v0x55b271887450_0 .net "d_mem_we", 0 0, L_0x55b27189dab0;  alias, 1 drivers
v0x55b271887520_0 .net/s "data_in", 63 0, L_0x55b2718ba960;  1 drivers
v0x55b271887680_0 .net/s "data_out", 63 0, L_0x55b2718ba290;  1 drivers
v0x55b271887750_0 .net "i_mem_addr", 5 0, L_0x55b27189df40;  alias, 1 drivers
v0x55b271887820_0 .net "i_mem_data", 31 0, L_0x55b2718ba580;  alias, 1 drivers
L_0x55b2718ba640 .concat [ 1 31 0 0], L_0x55b27189dab0, L_0x7fee379640b0;
L_0x55b2718ba730 .cmp/eq 32, L_0x55b2718ba640, L_0x7fee379640f8;
L_0x55b2718ba870 .functor MUXZ 64, L_0x55b2718ba290, o0x7fee379acb58, L_0x55b2718ba730, C4<>;
S_0x55b271831970 .scope module, "d_mem" "data_mem" 4 16, 4 33 0, S_0x55b2717cf8a0;
 .timescale 0 0;
    .port_info 0 /INPUT 6 "ads"
    .port_info 1 /INPUT 1 "we"
    .port_info 2 /OUTPUT 64 "dout"
    .port_info 3 /INPUT 64 "din"
L_0x55b2718ba290 .functor BUFZ 64, L_0x55b2718ba150, C4<0000000000000000000000000000000000000000000000000000000000000000>, C4<0000000000000000000000000000000000000000000000000000000000000000>, C4<0000000000000000000000000000000000000000000000000000000000000000>;
v0x55b27182fa00_0 .net *"_s0", 63 0, L_0x55b2718ba150;  1 drivers
v0x55b271849d60_0 .net *"_s2", 6 0, L_0x55b2718ba1f0;  1 drivers
L_0x7fee37964020 .functor BUFT 1, C4<0>, C4<0>, C4<0>, C4<0>;
v0x55b27184e740_0 .net *"_s5", 0 0, L_0x7fee37964020;  1 drivers
v0x55b27186ea60_0 .net "ads", 5 0, L_0x55b27189dea0;  alias, 1 drivers
v0x55b2718316e0_0 .net/s "din", 63 0, L_0x55b2718ba960;  alias, 1 drivers
v0x55b271885af0_0 .net/s "dout", 63 0, L_0x55b2718ba290;  alias, 1 drivers
v0x55b271885bd0 .array/s "registradores", 0 31, 63 0;
v0x55b271886090_0 .net "we", 0 0, L_0x55b27189dab0;  alias, 1 drivers
v0x55b271885bd0_13 .array/port v0x55b271885bd0, 13;
E_0x55b2718712d0 .event edge, v0x55b271885bd0_13;
E_0x55b271871420 .event posedge, v0x55b271886090_0;
L_0x55b2718ba150 .array/port v0x55b271885bd0, L_0x55b2718ba1f0;
L_0x55b2718ba1f0 .concat [ 6 1 0 0], L_0x55b27189dea0, L_0x7fee37964020;
S_0x55b2718861d0 .scope module, "i_mem" "memoria_ins" 4 23, 4 64 0, S_0x55b2717cf8a0;
 .timescale 0 0;
    .port_info 0 /INPUT 6 "ads"
    .port_info 1 /OUTPUT 32 "dout"
L_0x55b2718ba580 .functor BUFZ 32, L_0x55b2718ba3a0, C4<00000000000000000000000000000000>, C4<00000000000000000000000000000000>, C4<00000000000000000000000000000000>;
v0x55b2718863c0_0 .net *"_s0", 31 0, L_0x55b2718ba3a0;  1 drivers
v0x55b2718864c0_0 .net *"_s2", 6 0, L_0x55b2718ba440;  1 drivers
L_0x7fee37964068 .functor BUFT 1, C4<0>, C4<0>, C4<0>, C4<0>;
v0x55b2718865a0_0 .net *"_s5", 0 0, L_0x7fee37964068;  1 drivers
v0x55b271886660_0 .net "ads", 5 0, L_0x55b27189df40;  alias, 1 drivers
v0x55b271886740_0 .net "dout", 31 0, L_0x55b2718ba580;  alias, 1 drivers
o0x7fee379ac918 .functor BUFZ 3, C4<zzz>; HiZ drive
v0x55b271886870_0 .net "funct3", 2 0, o0x7fee379ac918;  0 drivers
o0x7fee379ac948 .functor BUFZ 1, C4<z>; HiZ drive
v0x55b271886950_0 .net "funct7", 0 0, o0x7fee379ac948;  0 drivers
o0x7fee379ac978 .functor BUFZ 7, C4<zzzzzzz>; HiZ drive
v0x55b271886a10_0 .net "opcode", 6 0, o0x7fee379ac978;  0 drivers
o0x7fee379ac9a8 .functor BUFZ 5, C4<zzzzz>; HiZ drive
v0x55b271886af0_0 .net "rd", 4 0, o0x7fee379ac9a8;  0 drivers
v0x55b271886bd0 .array/s "registradores", 0 31, 31 0;
o0x7fee379ac9d8 .functor BUFZ 5, C4<zzzzz>; HiZ drive
v0x55b271886c90_0 .net "rs1", 4 0, o0x7fee379ac9d8;  0 drivers
o0x7fee379aca08 .functor BUFZ 5, C4<zzzzz>; HiZ drive
v0x55b271886d70_0 .net "rs2", 4 0, o0x7fee379aca08;  0 drivers
L_0x55b2718ba3a0 .array/port v0x55b271886bd0, L_0x55b2718ba440;
L_0x55b2718ba440 .concat [ 6 1 0 0], L_0x55b27189df40, L_0x7fee37964068;
S_0x55b2718879a0 .scope module, "prv" "polirv" 3 11, 5 1 0, S_0x55b2717d1020;
 .timescale 0 0;
    .port_info 0 /INPUT 1 "clk"
    .port_info 1 /INPUT 1 "rst_n"
    .port_info 2 /OUTPUT 6 "i_mem_addr"
    .port_info 3 /INPUT 32 "i_mem_data"
    .port_info 4 /OUTPUT 1 "d_mem_we"
    .port_info 5 /OUTPUT 6 "d_mem_addr"
    .port_info 6 /INOUT 64 "d_mem_data"
P_0x55b271887b40 .param/l "d_addr_bits" 0 5 4, +C4<00000000000000000000000000000110>;
P_0x55b271887b80 .param/l "i_addr_bits" 0 5 3, +C4<00000000000000000000000000000110>;
v0x55b27189c1f0_0 .net "alu_cmd", 3 0, L_0x55b27189dd20;  1 drivers
v0x55b27189c360_0 .net "alu_flags", 3 0, L_0x55b2718afa10;  1 drivers
v0x55b27189c420_0 .net "alu_src", 0 0, L_0x55b27189dbf0;  1 drivers
v0x55b27189c550_0 .net "clk", 0 0, v0x55b27189d820_0;  alias, 1 drivers
v0x55b27189c680_0 .net "d_mem_addr", 5 0, L_0x55b27189dea0;  alias, 1 drivers
v0x55b27189c720_0 .net8 "d_mem_data", 63 0, RS_0x7fee379acb88;  alias, 2 drivers
v0x55b27189c7e0_0 .net "d_mem_we", 0 0, L_0x55b27189dab0;  alias, 1 drivers
v0x55b27189c880_0 .net "i_mem_addr", 5 0, L_0x55b27189df40;  alias, 1 drivers
v0x55b27189c940_0 .net "i_mem_data", 31 0, L_0x55b2718ba580;  alias, 1 drivers
v0x55b27189cb20_0 .net "opcode", 6 0, L_0x55b2718b2da0;  1 drivers
v0x55b27189cbe0_0 .net "pc_src", 0 0, v0x55b27189ab60_0;  1 drivers
v0x55b27189cd10_0 .net "rf_src", 0 0, L_0x55b27189db50;  1 drivers
v0x55b27189ce40_0 .net "rf_we", 0 0, L_0x55b27189da10;  1 drivers
v0x55b27189cf70_0 .net "rst_n", 0 0, v0x55b27189d8c0_0;  alias, 1 drivers
S_0x55b271887de0 .scope module, "fd_inst" "fd" 5 36, 6 2 0, S_0x55b2718879a0;
 .timescale 0 0;
    .port_info 0 /INPUT 1 "clk"
    .port_info 1 /INPUT 1 "rst_n"
    .port_info 2 /OUTPUT 7 "opcode"
    .port_info 3 /INPUT 1 "d_mem_we"
    .port_info 4 /INPUT 1 "rf_we"
    .port_info 5 /INPUT 4 "alu_cmd"
    .port_info 6 /OUTPUT 4 "alu_flags"
    .port_info 7 /INPUT 1 "alu_src"
    .port_info 8 /INPUT 1 "pc_src"
    .port_info 9 /INPUT 1 "rf_src"
    .port_info 10 /OUTPUT 6 "i_mem_addr"
    .port_info 11 /INPUT 32 "i_mem_data"
    .port_info 12 /OUTPUT 6 "d_mem_addr"
    .port_info 13 /INOUT 64 "d_mem_data"
P_0x55b271887c20 .param/l "d_addr_bits" 0 6 5, +C4<00000000000000000000000000000110>;
P_0x55b271887c60 .param/l "i_addr_bits" 0 6 4, +C4<00000000000000000000000000000110>;
v0x55b271896a20_0 .net "PC", 31 0, v0x55b271892220_0;  1 drivers
v0x55b271896b00_0 .net "Ra", 4 0, L_0x55b2718b2ab0;  1 drivers
v0x55b271896c10_0 .net "Rb", 4 0, L_0x55b2718b2c70;  1 drivers
v0x55b271896d00_0 .net "Rw", 4 0, L_0x55b2718b2a10;  1 drivers
v0x55b271896e10_0 .net/s "S1", 63 0, L_0x55b2718b2650;  1 drivers
v0x55b271896f70_0 .net/s "S2", 63 0, L_0x55b2718b2920;  1 drivers
v0x55b271897080_0 .net "S3", 31 0, L_0x55b2718b9fd0;  1 drivers
v0x55b271897190_0 .net *"_s10", 0 0, L_0x55b2718ae120;  1 drivers
o0x7fee379b0038 .functor BUFZ 64, C4<zzzzzzzzzzzzzzzzzzzzzzzzzzzzzzzzzzzzzzzzzzzzzzzzzzzzzzzzzzzzzzzz>; HiZ drive
; Elide local net with no drivers, v0x55b271897250_0 name=_s12
v0x55b271897330_0 .net *"_s16", 31 0, L_0x55b2718ae260;  1 drivers
L_0x7fee379630a8 .functor BUFT 1, C4<000000000000000000000000000000>, C4<0>, C4<0>, C4<0>;
v0x55b271897410_0 .net *"_s19", 29 0, L_0x7fee379630a8;  1 drivers
L_0x7fee379630f0 .functor BUFT 1, C4<00000000000000000000000000000011>, C4<0>, C4<0>, C4<0>;
v0x55b2718974f0_0 .net/2u *"_s20", 31 0, L_0x7fee379630f0;  1 drivers
v0x55b2718975d0_0 .net *"_s22", 0 0, L_0x55b2718ae300;  1 drivers
L_0x7fee37963138 .functor BUFT 1, C4<01>, C4<0>, C4<0>, C4<0>;
v0x55b271897690_0 .net/2s *"_s24", 1 0, L_0x7fee37963138;  1 drivers
L_0x7fee37963180 .functor BUFT 1, C4<00>, C4<0>, C4<0>, C4<0>;
v0x55b271897770_0 .net/2s *"_s26", 1 0, L_0x7fee37963180;  1 drivers
v0x55b271897850_0 .net *"_s28", 1 0, L_0x55b2718ae3a0;  1 drivers
v0x55b271897930_0 .net *"_s4", 31 0, L_0x55b27189e070;  1 drivers
L_0x7fee37963018 .functor BUFT 1, C4<0000000000000000000000000000000>, C4<0>, C4<0>, C4<0>;
v0x55b271897a10_0 .net *"_s7", 30 0, L_0x7fee37963018;  1 drivers
L_0x7fee37963060 .functor BUFT 1, C4<00000000000000000000000000000001>, C4<0>, C4<0>, C4<0>;
v0x55b271897af0_0 .net/2u *"_s8", 31 0, L_0x7fee37963060;  1 drivers
v0x55b271897bd0_0 .net "alu_cmd", 3 0, L_0x55b27189dd20;  alias, 1 drivers
v0x55b271897c90_0 .net "alu_control", 3 0, L_0x55b2718b1ec0;  1 drivers
v0x55b271897d30_0 .net "alu_flags", 3 0, L_0x55b2718afa10;  alias, 1 drivers
v0x55b271897df0_0 .net "alu_src", 0 0, L_0x55b27189dbf0;  alias, 1 drivers
v0x55b271897e90_0 .net "clk", 0 0, v0x55b27189d820_0;  alias, 1 drivers
v0x55b271897f30_0 .net "clock", 0 0, L_0x55b2718ae440;  1 drivers
v0x55b271897fd0_0 .var "contador_clock", 1 0;
v0x55b271898090_0 .net "d_mem_addr", 5 0, L_0x55b27189dea0;  alias, 1 drivers
v0x55b2718981a0_0 .net8 "d_mem_data", 63 0, RS_0x7fee379acb88;  alias, 2 drivers
v0x55b2718982b0_0 .net "d_mem_we", 0 0, L_0x55b27189dab0;  alias, 1 drivers
v0x55b2718983a0_0 .net/s "doutA", 63 0, L_0x55b2718b0cb0;  1 drivers
v0x55b2718984b0_0 .net/s "doutB", 63 0, L_0x55b2718b2520;  1 drivers
v0x55b2718985c0_0 .net "doutIR", 31 0, v0x55b27188fd10_0;  1 drivers
v0x55b2718986d0_0 .net "funct3", 2 0, L_0x55b2718b2ee0;  1 drivers
v0x55b2718989f0_0 .net "funct7", 0 0, L_0x55b2718b2e40;  1 drivers
v0x55b271898ae0_0 .net "i_mem_addr", 5 0, L_0x55b27189df40;  alias, 1 drivers
v0x55b271898bf0_0 .net "i_mem_data", 31 0, L_0x55b2718ba580;  alias, 1 drivers
v0x55b271898cb0_0 .net/s "imm", 63 0, L_0x55b2718b9530;  1 drivers
v0x55b271898d70_0 .net "opcode", 6 0, L_0x55b2718b2da0;  alias, 1 drivers
v0x55b271898e80_0 .net "pc_src", 0 0, v0x55b27189ab60_0;  alias, 1 drivers
v0x55b271898f20_0 .net/s "res", 63 0, L_0x55b2718af5c0;  1 drivers
v0x55b271899010_0 .net "rf_src", 0 0, L_0x55b27189db50;  alias, 1 drivers
v0x55b2718990b0_0 .net "rf_we", 0 0, L_0x55b27189da10;  alias, 1 drivers
v0x55b271899150_0 .net "rst_n", 0 0, v0x55b27189d8c0_0;  alias, 1 drivers
v0x55b2718991f0_0 .net "somafour", 31 0, L_0x55b2718b9990;  1 drivers
v0x55b2718992e0_0 .net "somaimm", 31 0, L_0x55b2718b9e40;  1 drivers
E_0x55b271871810 .event edge, v0x55b271897e90_0;
L_0x55b27189dea0 .part L_0x55b2718af5c0, 0, 6;
L_0x55b27189df40 .part v0x55b271892220_0, 2, 6;
L_0x55b27189e070 .concat [ 1 31 0 0], L_0x55b27189dab0, L_0x7fee37963018;
L_0x55b2718ae120 .cmp/eq 32, L_0x55b27189e070, L_0x7fee37963060;
L_0x55b2718ae1c0 .functor MUXZ 64, o0x7fee379b0038, L_0x55b2718b2520, L_0x55b2718ae120, C4<>;
L_0x55b2718ae260 .concat [ 2 30 0 0], v0x55b271897fd0_0, L_0x7fee379630a8;
L_0x55b2718ae300 .cmp/eq 32, L_0x55b2718ae260, L_0x7fee379630f0;
L_0x55b2718ae3a0 .functor MUXZ 2, L_0x7fee37963180, L_0x7fee37963138, L_0x55b2718ae300, C4<>;
L_0x55b2718ae440 .part L_0x55b2718ae3a0, 0, 1;
S_0x55b271888360 .scope module, "crtl" "ALU_Control" 6 74, 6 165 0, S_0x55b271887de0;
 .timescale 0 0;
    .port_info 0 /INPUT 4 "alu_cmd"
    .port_info 1 /INPUT 1 "funct7"
    .port_info 2 /INPUT 3 "funct3"
    .port_info 3 /OUTPUT 4 "control"
L_0x55b2718af160 .functor AND 1, L_0x55b2718aff20, L_0x55b2718b00b0, C4<1>, C4<1>;
L_0x55b2718aef50 .functor AND 1, L_0x55b2718b0290, L_0x55b2718b0420, C4<1>, C4<1>;
L_0x55b2718b08c0 .functor AND 1, L_0x55b2718b05a0, L_0x55b2718b0780, C4<1>, C4<1>;
L_0x55b2718b0d20 .functor AND 1, L_0x55b2718b09d0, L_0x55b2718b0bc0, C4<1>, C4<1>;
L_0x7fee37963408 .functor BUFT 1, C4<0000>, C4<0>, C4<0>, C4<0>;
v0x55b271888580_0 .net/2u *"_s0", 3 0, L_0x7fee37963408;  1 drivers
v0x55b271888680_0 .net *"_s10", 0 0, L_0x55b2718af160;  1 drivers
L_0x7fee37963498 .functor BUFT 1, C4<0010>, C4<0>, C4<0>, C4<0>;
v0x55b271888740_0 .net/2u *"_s12", 3 0, L_0x7fee37963498;  1 drivers
L_0x7fee379634e0 .functor BUFT 1, C4<0000>, C4<0>, C4<0>, C4<0>;
v0x55b271888830_0 .net/2u *"_s14", 3 0, L_0x7fee379634e0;  1 drivers
v0x55b271888910_0 .net *"_s16", 0 0, L_0x55b2718b0290;  1 drivers
v0x55b271888a20_0 .net *"_s18", 3 0, L_0x55b2718b0380;  1 drivers
v0x55b271888b00_0 .net *"_s2", 0 0, L_0x55b2718aff20;  1 drivers
L_0x7fee37963528 .functor BUFT 1, C4<1000>, C4<0>, C4<0>, C4<0>;
v0x55b271888bc0_0 .net/2u *"_s20", 3 0, L_0x7fee37963528;  1 drivers
v0x55b271888ca0_0 .net *"_s22", 0 0, L_0x55b2718b0420;  1 drivers
v0x55b271888d60_0 .net *"_s24", 0 0, L_0x55b2718aef50;  1 drivers
L_0x7fee37963570 .functor BUFT 1, C4<0110>, C4<0>, C4<0>, C4<0>;
v0x55b271888e20_0 .net/2u *"_s26", 3 0, L_0x7fee37963570;  1 drivers
L_0x7fee379635b8 .functor BUFT 1, C4<0000>, C4<0>, C4<0>, C4<0>;
v0x55b271888f00_0 .net/2u *"_s28", 3 0, L_0x7fee379635b8;  1 drivers
v0x55b271888fe0_0 .net *"_s30", 0 0, L_0x55b2718b05a0;  1 drivers
v0x55b2718890a0_0 .net *"_s32", 3 0, L_0x55b2718b0690;  1 drivers
L_0x7fee37963600 .functor BUFT 1, C4<0111>, C4<0>, C4<0>, C4<0>;
v0x55b271889180_0 .net/2u *"_s34", 3 0, L_0x7fee37963600;  1 drivers
v0x55b271889260_0 .net *"_s36", 0 0, L_0x55b2718b0780;  1 drivers
v0x55b271889320_0 .net *"_s38", 0 0, L_0x55b2718b08c0;  1 drivers
v0x55b2718893e0_0 .net *"_s4", 3 0, L_0x55b2718b0010;  1 drivers
L_0x7fee37963648 .functor BUFT 1, C4<0000>, C4<0>, C4<0>, C4<0>;
v0x55b2718894c0_0 .net/2u *"_s40", 3 0, L_0x7fee37963648;  1 drivers
L_0x7fee37963690 .functor BUFT 1, C4<0000>, C4<0>, C4<0>, C4<0>;
v0x55b2718895a0_0 .net/2u *"_s42", 3 0, L_0x7fee37963690;  1 drivers
v0x55b271889680_0 .net *"_s44", 0 0, L_0x55b2718b09d0;  1 drivers
v0x55b271889740_0 .net *"_s46", 3 0, L_0x55b2718b0b20;  1 drivers
L_0x7fee379636d8 .functor BUFT 1, C4<0110>, C4<0>, C4<0>, C4<0>;
v0x55b271889820_0 .net/2u *"_s48", 3 0, L_0x7fee379636d8;  1 drivers
v0x55b271889900_0 .net *"_s50", 0 0, L_0x55b2718b0bc0;  1 drivers
v0x55b2718899c0_0 .net *"_s52", 0 0, L_0x55b2718b0d20;  1 drivers
L_0x7fee37963720 .functor BUFT 1, C4<0001>, C4<0>, C4<0>, C4<0>;
v0x55b271889a80_0 .net/2u *"_s54", 3 0, L_0x7fee37963720;  1 drivers
L_0x7fee37963768 .functor BUFT 1, C4<0001>, C4<0>, C4<0>, C4<0>;
v0x55b271889b60_0 .net/2u *"_s56", 3 0, L_0x7fee37963768;  1 drivers
v0x55b271889c40_0 .net *"_s58", 0 0, L_0x55b2718b0e30;  1 drivers
L_0x7fee37963450 .functor BUFT 1, C4<0000>, C4<0>, C4<0>, C4<0>;
v0x55b271889d00_0 .net/2u *"_s6", 3 0, L_0x7fee37963450;  1 drivers
L_0x7fee379637b0 .functor BUFT 1, C4<0010>, C4<0>, C4<0>, C4<0>;
v0x55b271889de0_0 .net/2u *"_s60", 3 0, L_0x7fee379637b0;  1 drivers
L_0x7fee379637f8 .functor BUFT 1, C4<0010>, C4<0>, C4<0>, C4<0>;
v0x55b271889ec0_0 .net/2u *"_s62", 3 0, L_0x7fee379637f8;  1 drivers
v0x55b271889fa0_0 .net *"_s64", 0 0, L_0x55b2718b0f20;  1 drivers
L_0x7fee37963840 .functor BUFT 1, C4<0010>, C4<0>, C4<0>, C4<0>;
v0x55b27188a060_0 .net/2u *"_s66", 3 0, L_0x7fee37963840;  1 drivers
L_0x7fee37963888 .functor BUFT 1, C4<0011>, C4<0>, C4<0>, C4<0>;
v0x55b27188a350_0 .net/2u *"_s68", 3 0, L_0x7fee37963888;  1 drivers
v0x55b27188a430_0 .net *"_s70", 0 0, L_0x55b2718b1090;  1 drivers
L_0x7fee379638d0 .functor BUFT 1, C4<0110>, C4<0>, C4<0>, C4<0>;
v0x55b27188a4f0_0 .net/2u *"_s72", 3 0, L_0x7fee379638d0;  1 drivers
L_0x7fee37963918 .functor BUFT 1, C4<xxxx>, C4<0>, C4<0>, C4<0>;
v0x55b27188a5d0_0 .net *"_s74", 3 0, L_0x7fee37963918;  1 drivers
v0x55b27188a6b0_0 .net *"_s76", 3 0, L_0x55b2718b13f0;  1 drivers
v0x55b27188a790_0 .net *"_s78", 3 0, L_0x55b2718b1640;  1 drivers
v0x55b27188a870_0 .net *"_s8", 0 0, L_0x55b2718b00b0;  1 drivers
v0x55b27188a930_0 .net *"_s80", 3 0, L_0x55b2718b17d0;  1 drivers
v0x55b27188aa10_0 .net *"_s82", 3 0, L_0x55b2718b1a00;  1 drivers
v0x55b27188aaf0_0 .net *"_s84", 3 0, L_0x55b2718b1b90;  1 drivers
v0x55b27188abd0_0 .net *"_s86", 3 0, L_0x55b2718b1870;  1 drivers
v0x55b27188acb0_0 .net "alu_cmd", 3 0, L_0x55b27189dd20;  alias, 1 drivers
v0x55b27188ad90_0 .net "control", 3 0, L_0x55b2718b1ec0;  alias, 1 drivers
v0x55b27188ae70_0 .net "funct3", 2 0, L_0x55b2718b2ee0;  alias, 1 drivers
v0x55b27188af50_0 .net "funct7", 0 0, L_0x55b2718b2e40;  alias, 1 drivers
L_0x55b2718aff20 .cmp/eq 4, L_0x55b27189dd20, L_0x7fee37963408;
L_0x55b2718b0010 .concat [ 3 1 0 0], L_0x55b2718b2ee0, L_0x55b2718b2e40;
L_0x55b2718b00b0 .cmp/eq 4, L_0x55b2718b0010, L_0x7fee37963450;
L_0x55b2718b0290 .cmp/eq 4, L_0x55b27189dd20, L_0x7fee379634e0;
L_0x55b2718b0380 .concat [ 3 1 0 0], L_0x55b2718b2ee0, L_0x55b2718b2e40;
L_0x55b2718b0420 .cmp/eq 4, L_0x55b2718b0380, L_0x7fee37963528;
L_0x55b2718b05a0 .cmp/eq 4, L_0x55b27189dd20, L_0x7fee379635b8;
L_0x55b2718b0690 .concat [ 3 1 0 0], L_0x55b2718b2ee0, L_0x55b2718b2e40;
L_0x55b2718b0780 .cmp/eq 4, L_0x55b2718b0690, L_0x7fee37963600;
L_0x55b2718b09d0 .cmp/eq 4, L_0x55b27189dd20, L_0x7fee37963690;
L_0x55b2718b0b20 .concat [ 3 1 0 0], L_0x55b2718b2ee0, L_0x55b2718b2e40;
L_0x55b2718b0bc0 .cmp/eq 4, L_0x55b2718b0b20, L_0x7fee379636d8;
L_0x55b2718b0e30 .cmp/eq 4, L_0x55b27189dd20, L_0x7fee37963768;
L_0x55b2718b0f20 .cmp/eq 4, L_0x55b27189dd20, L_0x7fee379637f8;
L_0x55b2718b1090 .cmp/eq 4, L_0x55b27189dd20, L_0x7fee37963888;
L_0x55b2718b13f0 .functor MUXZ 4, L_0x7fee37963918, L_0x7fee379638d0, L_0x55b2718b1090, C4<>;
L_0x55b2718b1640 .functor MUXZ 4, L_0x55b2718b13f0, L_0x7fee37963840, L_0x55b2718b0f20, C4<>;
L_0x55b2718b17d0 .functor MUXZ 4, L_0x55b2718b1640, L_0x7fee379637b0, L_0x55b2718b0e30, C4<>;
L_0x55b2718b1a00 .functor MUXZ 4, L_0x55b2718b17d0, L_0x7fee37963720, L_0x55b2718b0d20, C4<>;
L_0x55b2718b1b90 .functor MUXZ 4, L_0x55b2718b1a00, L_0x7fee37963648, L_0x55b2718b08c0, C4<>;
L_0x55b2718b1870 .functor MUXZ 4, L_0x55b2718b1b90, L_0x7fee37963570, L_0x55b2718aef50, C4<>;
L_0x55b2718b1ec0 .functor MUXZ 4, L_0x55b2718b1870, L_0x7fee37963498, L_0x55b2718af160, C4<>;
S_0x55b27188b090 .scope module, "hii" "imm_generator" 6 127, 6 270 0, S_0x55b271887de0;
 .timescale 0 0;
    .port_info 0 /INPUT 32 "palavra"
    .port_info 1 /INPUT 7 "opcode"
    .port_info 2 /OUTPUT 64 "imm"
L_0x7fee37963ac8 .functor BUFT 1, C4<0000011>, C4<0>, C4<0>, C4<0>;
v0x55b27188b280_0 .net/2u *"_s0", 6 0, L_0x7fee37963ac8;  1 drivers
v0x55b27188b380_0 .net *"_s100", 51 0, L_0x55b2718b7100;  1 drivers
v0x55b27188b460_0 .net *"_s102", 63 0, L_0x55b2718b71a0;  1 drivers
L_0x7fee37963d98 .functor BUFT 1, C4<000000000000>, C4<0>, C4<0>, C4<0>;
v0x55b27188b520_0 .net *"_s105", 11 0, L_0x7fee37963d98;  1 drivers
v0x55b27188b600_0 .net *"_s106", 63 0, L_0x55b2718b7530;  1 drivers
v0x55b27188b730_0 .net *"_s108", 51 0, L_0x55b2718b7440;  1 drivers
v0x55b27188b810_0 .net *"_s11", 6 0, L_0x55b2718b32b0;  1 drivers
L_0x7fee37963de0 .functor BUFT 1, C4<000000000000>, C4<0>, C4<0>, C4<0>;
v0x55b27188b8f0_0 .net *"_s110", 11 0, L_0x7fee37963de0;  1 drivers
L_0x7fee37963e28 .functor BUFT 1, C4<1101111>, C4<0>, C4<0>, C4<0>;
v0x55b27188b9d0_0 .net/2u *"_s112", 6 0, L_0x7fee37963e28;  1 drivers
v0x55b27188bab0_0 .net *"_s114", 0 0, L_0x55b2718b77e0;  1 drivers
v0x55b27188bb70_0 .net *"_s117", 0 0, L_0x55b2718b78d0;  1 drivers
v0x55b27188bc50_0 .net *"_s118", 42 0, L_0x55b2718b7af0;  1 drivers
v0x55b27188bd30_0 .net *"_s120", 62 0, L_0x55b2718b7fa0;  1 drivers
v0x55b27188be10_0 .net *"_s122", 63 0, L_0x55b2718b81d0;  1 drivers
L_0x7fee37963e70 .functor BUFT 1, C4<0>, C4<0>, C4<0>, C4<0>;
v0x55b27188bef0_0 .net *"_s125", 0 0, L_0x7fee37963e70;  1 drivers
v0x55b27188bfd0_0 .net *"_s126", 63 0, L_0x55b2718b85a0;  1 drivers
v0x55b27188c0b0_0 .net *"_s128", 62 0, L_0x55b2718b8310;  1 drivers
v0x55b27188c190_0 .net *"_s13", 4 0, L_0x55b2718b3350;  1 drivers
L_0x7fee37963eb8 .functor BUFT 1, C4<0>, C4<0>, C4<0>, C4<0>;
v0x55b27188c270_0 .net *"_s130", 0 0, L_0x7fee37963eb8;  1 drivers
v0x55b27188c350_0 .net *"_s133", 0 0, L_0x55b2718b86e0;  1 drivers
v0x55b27188c430_0 .net *"_s134", 51 0, L_0x55b2718b8930;  1 drivers
v0x55b27188c510_0 .net *"_s136", 63 0, L_0x55b2718b8de0;  1 drivers
v0x55b27188c5f0_0 .net *"_s138", 63 0, L_0x55b2718b9040;  1 drivers
v0x55b27188c6d0_0 .net *"_s14", 11 0, L_0x55b2718b33f0;  1 drivers
v0x55b27188c7b0_0 .net *"_s140", 63 0, L_0x55b2718b91d0;  1 drivers
L_0x7fee37963b58 .functor BUFT 1, C4<1100011>, C4<0>, C4<0>, C4<0>;
v0x55b27188c890_0 .net/2u *"_s16", 6 0, L_0x7fee37963b58;  1 drivers
v0x55b27188c970_0 .net *"_s18", 0 0, L_0x55b2718b3520;  1 drivers
v0x55b27188ca30_0 .net *"_s2", 0 0, L_0x55b2718b2fc0;  1 drivers
v0x55b27188caf0_0 .net *"_s21", 0 0, L_0x55b2718b3610;  1 drivers
v0x55b27188cbd0_0 .net *"_s23", 0 0, L_0x55b2718b3700;  1 drivers
v0x55b27188ccb0_0 .net *"_s25", 5 0, L_0x55b2718b37a0;  1 drivers
v0x55b27188cd90_0 .net *"_s27", 3 0, L_0x55b2718b38a0;  1 drivers
v0x55b27188ce70_0 .net *"_s28", 11 0, L_0x55b2718b3940;  1 drivers
L_0x7fee37963ba0 .functor BUFT 1, C4<0010011>, C4<0>, C4<0>, C4<0>;
v0x55b27188d160_0 .net/2u *"_s30", 6 0, L_0x7fee37963ba0;  1 drivers
v0x55b27188d240_0 .net *"_s32", 0 0, L_0x55b2718b3b40;  1 drivers
v0x55b27188d300_0 .net *"_s35", 11 0, L_0x55b2718b3c30;  1 drivers
v0x55b27188d3e0_0 .net *"_s37", 11 0, L_0x55b2718b3f60;  1 drivers
v0x55b27188d4c0_0 .net *"_s38", 11 0, L_0x55b2718b4000;  1 drivers
v0x55b27188d5a0_0 .net *"_s40", 11 0, L_0x55b2718b4220;  1 drivers
v0x55b27188d680_0 .net *"_s42", 11 0, L_0x55b2718b43b0;  1 drivers
L_0x7fee37963be8 .functor BUFT 1, C4<0010111>, C4<0>, C4<0>, C4<0>;
v0x55b27188d760_0 .net/2u *"_s46", 6 0, L_0x7fee37963be8;  1 drivers
v0x55b27188d840_0 .net *"_s48", 0 0, L_0x55b2718b4770;  1 drivers
v0x55b27188d900_0 .net *"_s5", 11 0, L_0x55b2718b3060;  1 drivers
v0x55b27188d9e0_0 .net *"_s51", 19 0, L_0x55b2718b4450;  1 drivers
L_0x7fee37963c30 .functor BUFT 1, C4<1101111>, C4<0>, C4<0>, C4<0>;
v0x55b27188dac0_0 .net/2u *"_s52", 6 0, L_0x7fee37963c30;  1 drivers
v0x55b27188dba0_0 .net *"_s54", 0 0, L_0x55b2718b4910;  1 drivers
v0x55b27188dc60_0 .net *"_s57", 0 0, L_0x55b2718b4ac0;  1 drivers
v0x55b27188dd40_0 .net *"_s59", 7 0, L_0x55b2718b4b60;  1 drivers
L_0x7fee37963b10 .functor BUFT 1, C4<0100011>, C4<0>, C4<0>, C4<0>;
v0x55b27188de20_0 .net/2u *"_s6", 6 0, L_0x7fee37963b10;  1 drivers
v0x55b27188df00_0 .net *"_s61", 0 0, L_0x55b2718b4cd0;  1 drivers
v0x55b27188dfe0_0 .net *"_s63", 9 0, L_0x55b2718b4d70;  1 drivers
v0x55b27188e0c0_0 .net *"_s64", 19 0, L_0x55b2718b4ef0;  1 drivers
v0x55b27188e1a0_0 .net *"_s67", 19 0, L_0x55b2718b50d0;  1 drivers
v0x55b27188e280_0 .net *"_s68", 19 0, L_0x55b2718b5260;  1 drivers
L_0x7fee37963c78 .functor BUFT 1, C4<1100011>, C4<0>, C4<0>, C4<0>;
v0x55b27188e360_0 .net/2u *"_s72", 6 0, L_0x7fee37963c78;  1 drivers
v0x55b27188e440_0 .net *"_s74", 0 0, L_0x55b2718b5680;  1 drivers
v0x55b27188e500_0 .net *"_s77", 0 0, L_0x55b2718b5770;  1 drivers
v0x55b27188e5e0_0 .net *"_s78", 49 0, L_0x55b2718b5970;  1 drivers
v0x55b27188e6c0_0 .net *"_s8", 0 0, L_0x55b2718b3100;  1 drivers
v0x55b27188e780_0 .net *"_s80", 61 0, L_0x55b2718b6220;  1 drivers
v0x55b27188e860_0 .net *"_s82", 63 0, L_0x55b2718b63e0;  1 drivers
L_0x7fee37963cc0 .functor BUFT 1, C4<00>, C4<0>, C4<0>, C4<0>;
v0x55b27188e940_0 .net *"_s85", 1 0, L_0x7fee37963cc0;  1 drivers
v0x55b27188ea20_0 .net *"_s86", 63 0, L_0x55b2718b62c0;  1 drivers
v0x55b27188eb00_0 .net *"_s88", 61 0, L_0x55b2718b6520;  1 drivers
L_0x7fee37963d08 .functor BUFT 1, C4<00>, C4<0>, C4<0>, C4<0>;
v0x55b27188ebe0_0 .net *"_s90", 1 0, L_0x7fee37963d08;  1 drivers
L_0x7fee37963d50 .functor BUFT 1, C4<0010111>, C4<0>, C4<0>, C4<0>;
v0x55b27188f0d0_0 .net/2u *"_s92", 6 0, L_0x7fee37963d50;  1 drivers
v0x55b27188f1b0_0 .net *"_s94", 0 0, L_0x55b2718b6790;  1 drivers
v0x55b27188f270_0 .net *"_s97", 0 0, L_0x55b2718b69c0;  1 drivers
v0x55b27188f350_0 .net *"_s98", 31 0, L_0x55b2718b6ab0;  1 drivers
v0x55b27188f430_0 .net/s "imm", 63 0, L_0x55b2718b9530;  alias, 1 drivers
v0x55b27188f510_0 .net/s "imm_field_typeA", 11 0, L_0x55b2718b45e0;  1 drivers
v0x55b27188f5f0_0 .net/s "imm_field_typeB", 19 0, L_0x55b2718b53f0;  1 drivers
v0x55b27188f6d0_0 .net "opcode", 6 0, L_0x55b2718b2da0;  alias, 1 drivers
v0x55b27188f7b0_0 .net/s "palavra", 31 0, v0x55b27188fd10_0;  alias, 1 drivers
L_0x55b2718b2fc0 .cmp/eq 7, L_0x55b2718b2da0, L_0x7fee37963ac8;
L_0x55b2718b3060 .part v0x55b27188fd10_0, 20, 12;
L_0x55b2718b3100 .cmp/eq 7, L_0x55b2718b2da0, L_0x7fee37963b10;
L_0x55b2718b32b0 .part v0x55b27188fd10_0, 25, 7;
L_0x55b2718b3350 .part v0x55b27188fd10_0, 7, 5;
L_0x55b2718b33f0 .concat [ 5 7 0 0], L_0x55b2718b3350, L_0x55b2718b32b0;
L_0x55b2718b3520 .cmp/eq 7, L_0x55b2718b2da0, L_0x7fee37963b58;
L_0x55b2718b3610 .part v0x55b27188fd10_0, 31, 1;
L_0x55b2718b3700 .part v0x55b27188fd10_0, 7, 1;
L_0x55b2718b37a0 .part v0x55b27188fd10_0, 25, 6;
L_0x55b2718b38a0 .part v0x55b27188fd10_0, 8, 4;
L_0x55b2718b3940 .concat [ 4 6 1 1], L_0x55b2718b38a0, L_0x55b2718b37a0, L_0x55b2718b3700, L_0x55b2718b3610;
L_0x55b2718b3b40 .cmp/eq 7, L_0x55b2718b2da0, L_0x7fee37963ba0;
L_0x55b2718b3c30 .part v0x55b27188fd10_0, 20, 12;
L_0x55b2718b3f60 .part v0x55b27188fd10_0, 20, 12;
L_0x55b2718b4000 .functor MUXZ 12, L_0x55b2718b3f60, L_0x55b2718b3c30, L_0x55b2718b3b40, C4<>;
L_0x55b2718b4220 .functor MUXZ 12, L_0x55b2718b4000, L_0x55b2718b3940, L_0x55b2718b3520, C4<>;
L_0x55b2718b43b0 .functor MUXZ 12, L_0x55b2718b4220, L_0x55b2718b33f0, L_0x55b2718b3100, C4<>;
L_0x55b2718b45e0 .functor MUXZ 12, L_0x55b2718b43b0, L_0x55b2718b3060, L_0x55b2718b2fc0, C4<>;
L_0x55b2718b4770 .cmp/eq 7, L_0x55b2718b2da0, L_0x7fee37963be8;
L_0x55b2718b4450 .part v0x55b27188fd10_0, 12, 20;
L_0x55b2718b4910 .cmp/eq 7, L_0x55b2718b2da0, L_0x7fee37963c30;
L_0x55b2718b4ac0 .part v0x55b27188fd10_0, 31, 1;
L_0x55b2718b4b60 .part v0x55b27188fd10_0, 12, 8;
L_0x55b2718b4cd0 .part v0x55b27188fd10_0, 20, 1;
L_0x55b2718b4d70 .part v0x55b27188fd10_0, 21, 10;
L_0x55b2718b4ef0 .concat [ 10 1 8 1], L_0x55b2718b4d70, L_0x55b2718b4cd0, L_0x55b2718b4b60, L_0x55b2718b4ac0;
L_0x55b2718b50d0 .part v0x55b27188fd10_0, 12, 20;
L_0x55b2718b5260 .functor MUXZ 20, L_0x55b2718b50d0, L_0x55b2718b4ef0, L_0x55b2718b4910, C4<>;
L_0x55b2718b53f0 .functor MUXZ 20, L_0x55b2718b5260, L_0x55b2718b4450, L_0x55b2718b4770, C4<>;
L_0x55b2718b5680 .cmp/eq 7, L_0x55b2718b2da0, L_0x7fee37963c78;
L_0x55b2718b5770 .part L_0x55b2718b45e0, 11, 1;
LS_0x55b2718b5970_0_0 .concat [ 1 1 1 1], L_0x55b2718b5770, L_0x55b2718b5770, L_0x55b2718b5770, L_0x55b2718b5770;
LS_0x55b2718b5970_0_4 .concat [ 1 1 1 1], L_0x55b2718b5770, L_0x55b2718b5770, L_0x55b2718b5770, L_0x55b2718b5770;
LS_0x55b2718b5970_0_8 .concat [ 1 1 1 1], L_0x55b2718b5770, L_0x55b2718b5770, L_0x55b2718b5770, L_0x55b2718b5770;
LS_0x55b2718b5970_0_12 .concat [ 1 1 1 1], L_0x55b2718b5770, L_0x55b2718b5770, L_0x55b2718b5770, L_0x55b2718b5770;
LS_0x55b2718b5970_0_16 .concat [ 1 1 1 1], L_0x55b2718b5770, L_0x55b2718b5770, L_0x55b2718b5770, L_0x55b2718b5770;
LS_0x55b2718b5970_0_20 .concat [ 1 1 1 1], L_0x55b2718b5770, L_0x55b2718b5770, L_0x55b2718b5770, L_0x55b2718b5770;
LS_0x55b2718b5970_0_24 .concat [ 1 1 1 1], L_0x55b2718b5770, L_0x55b2718b5770, L_0x55b2718b5770, L_0x55b2718b5770;
LS_0x55b2718b5970_0_28 .concat [ 1 1 1 1], L_0x55b2718b5770, L_0x55b2718b5770, L_0x55b2718b5770, L_0x55b2718b5770;
LS_0x55b2718b5970_0_32 .concat [ 1 1 1 1], L_0x55b2718b5770, L_0x55b2718b5770, L_0x55b2718b5770, L_0x55b2718b5770;
LS_0x55b2718b5970_0_36 .concat [ 1 1 1 1], L_0x55b2718b5770, L_0x55b2718b5770, L_0x55b2718b5770, L_0x55b2718b5770;
LS_0x55b2718b5970_0_40 .concat [ 1 1 1 1], L_0x55b2718b5770, L_0x55b2718b5770, L_0x55b2718b5770, L_0x55b2718b5770;
LS_0x55b2718b5970_0_44 .concat [ 1 1 1 1], L_0x55b2718b5770, L_0x55b2718b5770, L_0x55b2718b5770, L_0x55b2718b5770;
LS_0x55b2718b5970_0_48 .concat [ 1 1 0 0], L_0x55b2718b5770, L_0x55b2718b5770;
LS_0x55b2718b5970_1_0 .concat [ 4 4 4 4], LS_0x55b2718b5970_0_0, LS_0x55b2718b5970_0_4, LS_0x55b2718b5970_0_8, LS_0x55b2718b5970_0_12;
LS_0x55b2718b5970_1_4 .concat [ 4 4 4 4], LS_0x55b2718b5970_0_16, LS_0x55b2718b5970_0_20, LS_0x55b2718b5970_0_24, LS_0x55b2718b5970_0_28;
LS_0x55b2718b5970_1_8 .concat [ 4 4 4 4], LS_0x55b2718b5970_0_32, LS_0x55b2718b5970_0_36, LS_0x55b2718b5970_0_40, LS_0x55b2718b5970_0_44;
LS_0x55b2718b5970_1_12 .concat [ 2 0 0 0], LS_0x55b2718b5970_0_48;
L_0x55b2718b5970 .concat [ 16 16 16 2], LS_0x55b2718b5970_1_0, LS_0x55b2718b5970_1_4, LS_0x55b2718b5970_1_8, LS_0x55b2718b5970_1_12;
L_0x55b2718b6220 .concat [ 12 50 0 0], L_0x55b2718b45e0, L_0x55b2718b5970;
L_0x55b2718b63e0 .concat [ 62 2 0 0], L_0x55b2718b6220, L_0x7fee37963cc0;
L_0x55b2718b6520 .part L_0x55b2718b63e0, 0, 62;
L_0x55b2718b62c0 .concat [ 2 62 0 0], L_0x7fee37963d08, L_0x55b2718b6520;
L_0x55b2718b6790 .cmp/eq 7, L_0x55b2718b2da0, L_0x7fee37963d50;
L_0x55b2718b69c0 .part L_0x55b2718b53f0, 19, 1;
LS_0x55b2718b6ab0_0_0 .concat [ 1 1 1 1], L_0x55b2718b69c0, L_0x55b2718b69c0, L_0x55b2718b69c0, L_0x55b2718b69c0;
LS_0x55b2718b6ab0_0_4 .concat [ 1 1 1 1], L_0x55b2718b69c0, L_0x55b2718b69c0, L_0x55b2718b69c0, L_0x55b2718b69c0;
LS_0x55b2718b6ab0_0_8 .concat [ 1 1 1 1], L_0x55b2718b69c0, L_0x55b2718b69c0, L_0x55b2718b69c0, L_0x55b2718b69c0;
LS_0x55b2718b6ab0_0_12 .concat [ 1 1 1 1], L_0x55b2718b69c0, L_0x55b2718b69c0, L_0x55b2718b69c0, L_0x55b2718b69c0;
LS_0x55b2718b6ab0_0_16 .concat [ 1 1 1 1], L_0x55b2718b69c0, L_0x55b2718b69c0, L_0x55b2718b69c0, L_0x55b2718b69c0;
LS_0x55b2718b6ab0_0_20 .concat [ 1 1 1 1], L_0x55b2718b69c0, L_0x55b2718b69c0, L_0x55b2718b69c0, L_0x55b2718b69c0;
LS_0x55b2718b6ab0_0_24 .concat [ 1 1 1 1], L_0x55b2718b69c0, L_0x55b2718b69c0, L_0x55b2718b69c0, L_0x55b2718b69c0;
LS_0x55b2718b6ab0_0_28 .concat [ 1 1 1 1], L_0x55b2718b69c0, L_0x55b2718b69c0, L_0x55b2718b69c0, L_0x55b2718b69c0;
LS_0x55b2718b6ab0_1_0 .concat [ 4 4 4 4], LS_0x55b2718b6ab0_0_0, LS_0x55b2718b6ab0_0_4, LS_0x55b2718b6ab0_0_8, LS_0x55b2718b6ab0_0_12;
LS_0x55b2718b6ab0_1_4 .concat [ 4 4 4 4], LS_0x55b2718b6ab0_0_16, LS_0x55b2718b6ab0_0_20, LS_0x55b2718b6ab0_0_24, LS_0x55b2718b6ab0_0_28;
L_0x55b2718b6ab0 .concat [ 16 16 0 0], LS_0x55b2718b6ab0_1_0, LS_0x55b2718b6ab0_1_4;
L_0x55b2718b7100 .concat [ 20 32 0 0], L_0x55b2718b53f0, L_0x55b2718b6ab0;
L_0x55b2718b71a0 .concat [ 52 12 0 0], L_0x55b2718b7100, L_0x7fee37963d98;
L_0x55b2718b7440 .part L_0x55b2718b71a0, 0, 52;
L_0x55b2718b7530 .concat [ 12 52 0 0], L_0x7fee37963de0, L_0x55b2718b7440;
L_0x55b2718b77e0 .cmp/eq 7, L_0x55b2718b2da0, L_0x7fee37963e28;
L_0x55b2718b78d0 .part L_0x55b2718b53f0, 19, 1;
LS_0x55b2718b7af0_0_0 .concat [ 1 1 1 1], L_0x55b2718b78d0, L_0x55b2718b78d0, L_0x55b2718b78d0, L_0x55b2718b78d0;
LS_0x55b2718b7af0_0_4 .concat [ 1 1 1 1], L_0x55b2718b78d0, L_0x55b2718b78d0, L_0x55b2718b78d0, L_0x55b2718b78d0;
LS_0x55b2718b7af0_0_8 .concat [ 1 1 1 1], L_0x55b2718b78d0, L_0x55b2718b78d0, L_0x55b2718b78d0, L_0x55b2718b78d0;
LS_0x55b2718b7af0_0_12 .concat [ 1 1 1 1], L_0x55b2718b78d0, L_0x55b2718b78d0, L_0x55b2718b78d0, L_0x55b2718b78d0;
LS_0x55b2718b7af0_0_16 .concat [ 1 1 1 1], L_0x55b2718b78d0, L_0x55b2718b78d0, L_0x55b2718b78d0, L_0x55b2718b78d0;
LS_0x55b2718b7af0_0_20 .concat [ 1 1 1 1], L_0x55b2718b78d0, L_0x55b2718b78d0, L_0x55b2718b78d0, L_0x55b2718b78d0;
LS_0x55b2718b7af0_0_24 .concat [ 1 1 1 1], L_0x55b2718b78d0, L_0x55b2718b78d0, L_0x55b2718b78d0, L_0x55b2718b78d0;
LS_0x55b2718b7af0_0_28 .concat [ 1 1 1 1], L_0x55b2718b78d0, L_0x55b2718b78d0, L_0x55b2718b78d0, L_0x55b2718b78d0;
LS_0x55b2718b7af0_0_32 .concat [ 1 1 1 1], L_0x55b2718b78d0, L_0x55b2718b78d0, L_0x55b2718b78d0, L_0x55b2718b78d0;
LS_0x55b2718b7af0_0_36 .concat [ 1 1 1 1], L_0x55b2718b78d0, L_0x55b2718b78d0, L_0x55b2718b78d0, L_0x55b2718b78d0;
LS_0x55b2718b7af0_0_40 .concat [ 1 1 1 0], L_0x55b2718b78d0, L_0x55b2718b78d0, L_0x55b2718b78d0;
LS_0x55b2718b7af0_1_0 .concat [ 4 4 4 4], LS_0x55b2718b7af0_0_0, LS_0x55b2718b7af0_0_4, LS_0x55b2718b7af0_0_8, LS_0x55b2718b7af0_0_12;
LS_0x55b2718b7af0_1_4 .concat [ 4 4 4 4], LS_0x55b2718b7af0_0_16, LS_0x55b2718b7af0_0_20, LS_0x55b2718b7af0_0_24, LS_0x55b2718b7af0_0_28;
LS_0x55b2718b7af0_1_8 .concat [ 4 4 3 0], LS_0x55b2718b7af0_0_32, LS_0x55b2718b7af0_0_36, LS_0x55b2718b7af0_0_40;
L_0x55b2718b7af0 .concat [ 16 16 11 0], LS_0x55b2718b7af0_1_0, LS_0x55b2718b7af0_1_4, LS_0x55b2718b7af0_1_8;
L_0x55b2718b7fa0 .concat [ 20 43 0 0], L_0x55b2718b53f0, L_0x55b2718b7af0;
L_0x55b2718b81d0 .concat [ 63 1 0 0], L_0x55b2718b7fa0, L_0x7fee37963e70;
L_0x55b2718b8310 .part L_0x55b2718b81d0, 0, 63;
L_0x55b2718b85a0 .concat [ 1 63 0 0], L_0x7fee37963eb8, L_0x55b2718b8310;
L_0x55b2718b86e0 .part L_0x55b2718b45e0, 11, 1;
LS_0x55b2718b8930_0_0 .concat [ 1 1 1 1], L_0x55b2718b86e0, L_0x55b2718b86e0, L_0x55b2718b86e0, L_0x55b2718b86e0;
LS_0x55b2718b8930_0_4 .concat [ 1 1 1 1], L_0x55b2718b86e0, L_0x55b2718b86e0, L_0x55b2718b86e0, L_0x55b2718b86e0;
LS_0x55b2718b8930_0_8 .concat [ 1 1 1 1], L_0x55b2718b86e0, L_0x55b2718b86e0, L_0x55b2718b86e0, L_0x55b2718b86e0;
LS_0x55b2718b8930_0_12 .concat [ 1 1 1 1], L_0x55b2718b86e0, L_0x55b2718b86e0, L_0x55b2718b86e0, L_0x55b2718b86e0;
LS_0x55b2718b8930_0_16 .concat [ 1 1 1 1], L_0x55b2718b86e0, L_0x55b2718b86e0, L_0x55b2718b86e0, L_0x55b2718b86e0;
LS_0x55b2718b8930_0_20 .concat [ 1 1 1 1], L_0x55b2718b86e0, L_0x55b2718b86e0, L_0x55b2718b86e0, L_0x55b2718b86e0;
LS_0x55b2718b8930_0_24 .concat [ 1 1 1 1], L_0x55b2718b86e0, L_0x55b2718b86e0, L_0x55b2718b86e0, L_0x55b2718b86e0;
LS_0x55b2718b8930_0_28 .concat [ 1 1 1 1], L_0x55b2718b86e0, L_0x55b2718b86e0, L_0x55b2718b86e0, L_0x55b2718b86e0;
LS_0x55b2718b8930_0_32 .concat [ 1 1 1 1], L_0x55b2718b86e0, L_0x55b2718b86e0, L_0x55b2718b86e0, L_0x55b2718b86e0;
LS_0x55b2718b8930_0_36 .concat [ 1 1 1 1], L_0x55b2718b86e0, L_0x55b2718b86e0, L_0x55b2718b86e0, L_0x55b2718b86e0;
LS_0x55b2718b8930_0_40 .concat [ 1 1 1 1], L_0x55b2718b86e0, L_0x55b2718b86e0, L_0x55b2718b86e0, L_0x55b2718b86e0;
LS_0x55b2718b8930_0_44 .concat [ 1 1 1 1], L_0x55b2718b86e0, L_0x55b2718b86e0, L_0x55b2718b86e0, L_0x55b2718b86e0;
LS_0x55b2718b8930_0_48 .concat [ 1 1 1 1], L_0x55b2718b86e0, L_0x55b2718b86e0, L_0x55b2718b86e0, L_0x55b2718b86e0;
LS_0x55b2718b8930_1_0 .concat [ 4 4 4 4], LS_0x55b2718b8930_0_0, LS_0x55b2718b8930_0_4, LS_0x55b2718b8930_0_8, LS_0x55b2718b8930_0_12;
LS_0x55b2718b8930_1_4 .concat [ 4 4 4 4], LS_0x55b2718b8930_0_16, LS_0x55b2718b8930_0_20, LS_0x55b2718b8930_0_24, LS_0x55b2718b8930_0_28;
LS_0x55b2718b8930_1_8 .concat [ 4 4 4 4], LS_0x55b2718b8930_0_32, LS_0x55b2718b8930_0_36, LS_0x55b2718b8930_0_40, LS_0x55b2718b8930_0_44;
LS_0x55b2718b8930_1_12 .concat [ 4 0 0 0], LS_0x55b2718b8930_0_48;
L_0x55b2718b8930 .concat [ 16 16 16 4], LS_0x55b2718b8930_1_0, LS_0x55b2718b8930_1_4, LS_0x55b2718b8930_1_8, LS_0x55b2718b8930_1_12;
L_0x55b2718b8de0 .concat [ 12 52 0 0], L_0x55b2718b45e0, L_0x55b2718b8930;
L_0x55b2718b9040 .functor MUXZ 64, L_0x55b2718b8de0, L_0x55b2718b85a0, L_0x55b2718b77e0, C4<>;
L_0x55b2718b91d0 .functor MUXZ 64, L_0x55b2718b9040, L_0x55b2718b7530, L_0x55b2718b6790, C4<>;
L_0x55b2718b9530 .functor MUXZ 64, L_0x55b2718b91d0, L_0x55b2718b62c0, L_0x55b2718b5680, C4<>;
S_0x55b27188f910 .scope module, "huu" "IR" 6 114, 6 242 0, S_0x55b271887de0;
 .timescale 0 0;
    .port_info 0 /INPUT 1 "clock"
    .port_info 1 /INPUT 32 "data_in"
    .port_info 2 /OUTPUT 32 "data_out"
    .port_info 3 /OUTPUT 5 "rs1"
    .port_info 4 /OUTPUT 5 "rs2"
    .port_info 5 /OUTPUT 5 "rd"
    .port_info 6 /OUTPUT 7 "opcode"
    .port_info 7 /OUTPUT 1 "funct7"
    .port_info 8 /OUTPUT 3 "funct3"
v0x55b27188fb40_0 .net "clock", 0 0, L_0x55b2718ae440;  alias, 1 drivers
v0x55b27188fc00_0 .net "data_in", 31 0, L_0x55b2718ba580;  alias, 1 drivers
v0x55b27188fd10_0 .var "data_out", 31 0;
v0x55b27188fde0_0 .net "funct3", 2 0, L_0x55b2718b2ee0;  alias, 1 drivers
v0x55b27188feb0_0 .net "funct7", 0 0, L_0x55b2718b2e40;  alias, 1 drivers
v0x55b27188ffa0_0 .net "opcode", 6 0, L_0x55b2718b2da0;  alias, 1 drivers
v0x55b271890070_0 .net "rd", 4 0, L_0x55b2718b2a10;  alias, 1 drivers
v0x55b271890110_0 .net "rs1", 4 0, L_0x55b2718b2ab0;  alias, 1 drivers
v0x55b2718901f0_0 .net "rs2", 4 0, L_0x55b2718b2c70;  alias, 1 drivers
E_0x55b27188fae0 .event posedge, v0x55b27188fb40_0;
L_0x55b2718b2a10 .part v0x55b27188fd10_0, 7, 5;
L_0x55b2718b2ab0 .part v0x55b27188fd10_0, 15, 5;
L_0x55b2718b2c70 .part v0x55b27188fd10_0, 20, 5;
L_0x55b2718b2da0 .part v0x55b27188fd10_0, 0, 7;
L_0x55b2718b2e40 .part v0x55b27188fd10_0, 30, 1;
L_0x55b2718b2ee0 .part v0x55b27188fd10_0, 12, 3;
S_0x55b2718903f0 .scope module, "ihs" "Mux3" 6 146, 6 379 0, S_0x55b271887de0;
 .timescale 0 0;
    .port_info 0 /INPUT 32 "imm_some"
    .port_info 1 /INPUT 32 "four_some"
    .port_info 2 /INPUT 1 "zero"
    .port_info 3 /OUTPUT 32 "S3"
L_0x7fee37963fd8 .functor BUFT 1, C4<0>, C4<0>, C4<0>, C4<0>;
L_0x55b2718b3ad0 .functor XNOR 1, v0x55b27189ab60_0, L_0x7fee37963fd8, C4<0>, C4<0>;
v0x55b2718905a0_0 .net "S3", 31 0, L_0x55b2718b9fd0;  alias, 1 drivers
v0x55b2718906a0_0 .net/2u *"_s0", 0 0, L_0x7fee37963fd8;  1 drivers
v0x55b271890780_0 .net *"_s2", 0 0, L_0x55b2718b3ad0;  1 drivers
v0x55b271890850_0 .net "four_some", 31 0, L_0x55b2718b9990;  alias, 1 drivers
v0x55b271890930_0 .net "imm_some", 31 0, L_0x55b2718b9e40;  alias, 1 drivers
v0x55b271890a60_0 .net "zero", 0 0, v0x55b27189ab60_0;  alias, 1 drivers
L_0x55b2718b9fd0 .functor MUXZ 32, L_0x55b2718b9e40, L_0x55b2718b9990, L_0x55b2718b3ad0, C4<>;
S_0x55b271890ba0 .scope module, "its" "somador_imm" 6 140, 6 214 0, S_0x55b271887de0;
 .timescale 0 0;
    .port_info 0 /INPUT 32 "PC"
    .port_info 1 /INPUT 64 "imm"
    .port_info 2 /OUTPUT 32 "soma"
v0x55b271890e30_0 .net "PC", 31 0, v0x55b271892220_0;  alias, 1 drivers
v0x55b271890f30_0 .net *"_s0", 31 0, L_0x55b2718b9b70;  1 drivers
v0x55b271891010_0 .net *"_s2", 29 0, L_0x55b2718b9ad0;  1 drivers
L_0x7fee37963f90 .functor BUFT 1, C4<00>, C4<0>, C4<0>, C4<0>;
v0x55b2718910d0_0 .net *"_s4", 1 0, L_0x7fee37963f90;  1 drivers
v0x55b2718911b0_0 .net *"_s6", 31 0, L_0x55b2718b9cb0;  1 drivers
v0x55b2718912e0_0 .net *"_s9", 31 0, L_0x55b2718b9da0;  1 drivers
v0x55b2718913c0_0 .net "imm", 63 0, L_0x55b2718b9530;  alias, 1 drivers
v0x55b271891480_0 .net "soma", 31 0, L_0x55b2718b9e40;  alias, 1 drivers
L_0x55b2718b9ad0 .part v0x55b271892220_0, 0, 30;
L_0x55b2718b9b70 .concat [ 2 30 0 0], L_0x7fee37963f90, L_0x55b2718b9ad0;
L_0x55b2718b9cb0 .concat [ 32 0 0 0], L_0x55b2718b9b70;
L_0x55b2718b9da0 .part L_0x55b2718b9530, 0, 32;
L_0x55b2718b9e40 .arith/sum 32, L_0x55b2718b9cb0, L_0x55b2718b9da0;
S_0x55b271891580 .scope module, "itt" "somador_four" 6 134, 6 205 0, S_0x55b271887de0;
 .timescale 0 0;
    .port_info 0 /INPUT 32 "dout_pc"
    .port_info 1 /OUTPUT 32 "soma"
v0x55b271891790_0 .net *"_s0", 31 0, L_0x55b2718b9760;  1 drivers
v0x55b271891890_0 .net *"_s2", 29 0, L_0x55b2718b96c0;  1 drivers
L_0x7fee37963f00 .functor BUFT 1, C4<00>, C4<0>, C4<0>, C4<0>;
v0x55b271891970_0 .net *"_s4", 1 0, L_0x7fee37963f00;  1 drivers
v0x55b271891a60_0 .net *"_s6", 31 0, L_0x55b2718b98a0;  1 drivers
L_0x7fee37963f48 .functor BUFT 1, C4<00000000000000000000000000000100>, C4<0>, C4<0>, C4<0>;
v0x55b271891b40_0 .net/2u *"_s8", 31 0, L_0x7fee37963f48;  1 drivers
v0x55b271891c70_0 .net "dout_pc", 31 0, v0x55b271892220_0;  alias, 1 drivers
v0x55b271891d30_0 .net "soma", 31 0, L_0x55b2718b9990;  alias, 1 drivers
L_0x55b2718b96c0 .part v0x55b271892220_0, 0, 30;
L_0x55b2718b9760 .concat [ 2 30 0 0], L_0x7fee37963f00, L_0x55b2718b96c0;
L_0x55b2718b98a0 .concat [ 32 0 0 0], L_0x55b2718b9760;
L_0x55b2718b9990 .arith/sum 32, L_0x55b2718b98a0, L_0x7fee37963f48;
S_0x55b271891e40 .scope module, "uhh" "PC" 6 108, 6 224 0, S_0x55b271887de0;
 .timescale 0 0;
    .port_info 0 /INPUT 1 "clock"
    .port_info 1 /INPUT 32 "data_in"
    .port_info 2 /OUTPUT 32 "data_out"
v0x55b271892060_0 .net "clock", 0 0, L_0x55b2718ae440;  alias, 1 drivers
v0x55b271892150_0 .net "data_in", 31 0, L_0x55b2718b9fd0;  alias, 1 drivers
v0x55b271892220_0 .var "data_out", 31 0;
S_0x55b2718923a0 .scope module, "utt" "registrador" 6 82, 6 302 0, S_0x55b271887de0;
 .timescale 0 0;
    .port_info 0 /INPUT 1 "clk"
    .port_info 1 /INPUT 64 "din"
    .port_info 2 /INPUT 1 "we"
    .port_info 3 /INPUT 5 "Rw"
    .port_info 4 /INPUT 5 "Ra"
    .port_info 5 /INPUT 5 "Rb"
    .port_info 6 /OUTPUT 64 "doutA"
    .port_info 7 /OUTPUT 64 "doutB"
L_0x55b2718b0cb0 .functor BUFZ 64, L_0x55b2718b2110, C4<0000000000000000000000000000000000000000000000000000000000000000>, C4<0000000000000000000000000000000000000000000000000000000000000000>, C4<0000000000000000000000000000000000000000000000000000000000000000>;
L_0x55b2718b2520 .functor BUFZ 64, L_0x55b2718b2340, C4<0000000000000000000000000000000000000000000000000000000000000000>, C4<0000000000000000000000000000000000000000000000000000000000000000>, C4<0000000000000000000000000000000000000000000000000000000000000000>;
v0x55b271892680_0 .net "Ra", 4 0, L_0x55b2718b2ab0;  alias, 1 drivers
v0x55b271892760_0 .net "Rb", 4 0, L_0x55b2718b2c70;  alias, 1 drivers
v0x55b271892830_0 .net "Rw", 4 0, L_0x55b2718b2a10;  alias, 1 drivers
v0x55b271892930_0 .net *"_s0", 63 0, L_0x55b2718b2110;  1 drivers
v0x55b2718929d0_0 .net *"_s10", 6 0, L_0x55b2718b23e0;  1 drivers
L_0x7fee379639a8 .functor BUFT 1, C4<00>, C4<0>, C4<0>, C4<0>;
v0x55b271892b00_0 .net *"_s13", 1 0, L_0x7fee379639a8;  1 drivers
v0x55b271892be0_0 .net *"_s2", 6 0, L_0x55b2718b21b0;  1 drivers
L_0x7fee37963960 .functor BUFT 1, C4<00>, C4<0>, C4<0>, C4<0>;
v0x55b271892cc0_0 .net *"_s5", 1 0, L_0x7fee37963960;  1 drivers
v0x55b271892da0_0 .net *"_s8", 63 0, L_0x55b2718b2340;  1 drivers
v0x55b271892f10_0 .net "clk", 0 0, L_0x55b2718ae440;  alias, 1 drivers
v0x55b271892fb0_0 .net/s "din", 63 0, L_0x55b2718b2920;  alias, 1 drivers
v0x55b271893090_0 .net/s "doutA", 63 0, L_0x55b2718b0cb0;  alias, 1 drivers
v0x55b271893170_0 .net/s "doutB", 63 0, L_0x55b2718b2520;  alias, 1 drivers
v0x55b271893250 .array/s "registradores", 0 31, 63 0;
v0x55b271893710_0 .net "we", 0 0, L_0x55b27189da10;  alias, 1 drivers
v0x55b271893250_10 .array/port v0x55b271893250, 10;
E_0x55b2718925c0 .event edge, v0x55b271893250_10;
v0x55b271893250_9 .array/port v0x55b271893250, 9;
E_0x55b271892620 .event edge, v0x55b271893250_9;
L_0x55b2718b2110 .array/port v0x55b271893250, L_0x55b2718b21b0;
L_0x55b2718b21b0 .concat [ 5 2 0 0], L_0x55b2718b2ab0, L_0x7fee37963960;
L_0x55b2718b2340 .array/port v0x55b271893250, L_0x55b2718b23e0;
L_0x55b2718b23e0 .concat [ 5 2 0 0], L_0x55b2718b2c70, L_0x7fee379639a8;
S_0x55b271893920 .scope module, "utv" "Mux1" 6 93, 6 354 0, S_0x55b271887de0;
 .timescale 0 0;
    .port_info 0 /INPUT 64 "imm"
    .port_info 1 /INPUT 64 "doutB"
    .port_info 2 /INPUT 1 "sinalMux"
    .port_info 3 /OUTPUT 64 "S1"
L_0x7fee379639f0 .functor BUFT 1, C4<0>, C4<0>, C4<0>, C4<0>;
L_0x55b2718b2590 .functor XNOR 1, L_0x55b27189dbf0, L_0x7fee379639f0, C4<0>, C4<0>;
v0x55b271893b30_0 .net/s "S1", 63 0, L_0x55b2718b2650;  alias, 1 drivers
v0x55b271893c30_0 .net/2u *"_s0", 0 0, L_0x7fee379639f0;  1 drivers
v0x55b271893d10_0 .net *"_s2", 0 0, L_0x55b2718b2590;  1 drivers
v0x55b271893db0_0 .net/s "doutB", 63 0, L_0x55b2718b2520;  alias, 1 drivers
v0x55b271893ea0_0 .net/s "imm", 63 0, L_0x55b2718b9530;  alias, 1 drivers
v0x55b271893f90_0 .net "sinalMux", 0 0, L_0x55b27189dbf0;  alias, 1 drivers
L_0x55b2718b2650 .functor MUXZ 64, L_0x55b2718b9530, L_0x55b2718b2520, L_0x55b2718b2590, C4<>;
S_0x55b2718940d0 .scope module, "uut" "ULA" 6 66, 6 181 0, S_0x55b271887de0;
 .timescale 0 0;
    .port_info 0 /INPUT 64 "b"
    .port_info 1 /INPUT 64 "a"
    .port_info 2 /INPUT 4 "sinal"
    .port_info 3 /OUTPUT 64 "soma"
    .port_info 4 /OUTPUT 4 "alu_flags"
L_0x55b27181e7a0 .functor AND 64, L_0x55b2718b0cb0, L_0x55b2718b2650, C4<1111111111111111111111111111111111111111111111111111111111111111>, C4<1111111111111111111111111111111111111111111111111111111111111111>;
L_0x55b2718aeda0 .functor OR 64, L_0x55b2718b0cb0, L_0x55b2718b2650, C4<0000000000000000000000000000000000000000000000000000000000000000>, C4<0000000000000000000000000000000000000000000000000000000000000000>;
v0x55b271894320_0 .net "MSB", 0 0, L_0x55b2718af700;  1 drivers
v0x55b271894400_0 .net/s *"_s11", 63 0, L_0x55b2718ae8f0;  1 drivers
L_0x7fee37963210 .functor BUFT 1, C4<0000>, C4<0>, C4<0>, C4<0>;
v0x55b2718944e0_0 .net/2u *"_s13", 3 0, L_0x7fee37963210;  1 drivers
v0x55b2718945a0_0 .net *"_s15", 0 0, L_0x55b2718aeaf0;  1 drivers
v0x55b271894660_0 .net *"_s17", 63 0, L_0x55b27181e7a0;  1 drivers
L_0x7fee37963258 .functor BUFT 1, C4<1010>, C4<0>, C4<0>, C4<0>;
v0x55b271894790_0 .net/2u *"_s19", 3 0, L_0x7fee37963258;  1 drivers
v0x55b271894870_0 .net *"_s21", 0 0, L_0x55b2718aecb0;  1 drivers
v0x55b271894930_0 .net *"_s23", 63 0, L_0x55b2718aeda0;  1 drivers
L_0x7fee379632a0 .functor BUFT 1, C4<0110>, C4<0>, C4<0>, C4<0>;
v0x55b271894a10_0 .net/2u *"_s25", 3 0, L_0x7fee379632a0;  1 drivers
v0x55b271894b80_0 .net *"_s27", 0 0, L_0x55b2718aee10;  1 drivers
v0x55b271894c40_0 .net/s *"_s29", 63 0, L_0x55b2718aeeb0;  1 drivers
v0x55b271894d20_0 .net/s *"_s3", 63 0, L_0x55b2718ae670;  1 drivers
v0x55b271894e00_0 .net/s *"_s31", 63 0, L_0x55b2718af020;  1 drivers
v0x55b271894ee0_0 .net *"_s33", 63 0, L_0x55b2718af0c0;  1 drivers
v0x55b271894fc0_0 .net *"_s35", 63 0, L_0x55b2718af220;  1 drivers
v0x55b2718950a0_0 .net *"_s37", 63 0, L_0x55b2718af3b0;  1 drivers
L_0x7fee379632e8 .functor BUFT 1, C4<0000000000000000000000000000000000000000000000000000000000000000>, C4<0>, C4<0>, C4<0>;
v0x55b271895180_0 .net/2s *"_s43", 63 0, L_0x7fee379632e8;  1 drivers
v0x55b271895260_0 .net *"_s45", 0 0, L_0x55b2718af880;  1 drivers
L_0x7fee37963330 .functor BUFT 1, C4<01>, C4<0>, C4<0>, C4<0>;
v0x55b271895320_0 .net/2s *"_s47", 1 0, L_0x7fee37963330;  1 drivers
L_0x7fee37963378 .functor BUFT 1, C4<00>, C4<0>, C4<0>, C4<0>;
v0x55b271895400_0 .net/2s *"_s49", 1 0, L_0x7fee37963378;  1 drivers
v0x55b2718954e0_0 .net *"_s51", 1 0, L_0x55b2718af970;  1 drivers
v0x55b2718955c0_0 .net *"_s55", 2 0, L_0x55b2718afc90;  1 drivers
v0x55b2718956a0_0 .net *"_s6", 1 0, L_0x55b2718ae710;  1 drivers
L_0x7fee379633c0 .functor BUFT 1, C4<0>, C4<0>, C4<0>, C4<0>;
v0x55b271895780_0 .net *"_s60", 0 0, L_0x7fee379633c0;  1 drivers
L_0x7fee379631c8 .functor BUFT 1, C4<0010>, C4<0>, C4<0>, C4<0>;
v0x55b271895860_0 .net/2u *"_s7", 3 0, L_0x7fee379631c8;  1 drivers
v0x55b271895940_0 .net *"_s9", 0 0, L_0x55b2718ae800;  1 drivers
v0x55b271895a00_0 .net/s "a", 63 0, L_0x55b2718b0cb0;  alias, 1 drivers
v0x55b271895ac0_0 .net "alu_flags", 3 0, L_0x55b2718afa10;  alias, 1 drivers
v0x55b271895b80_0 .net/s "b", 63 0, L_0x55b2718b2650;  alias, 1 drivers
v0x55b271895c70_0 .net "overflow", 0 0, L_0x55b2718ae4e0;  1 drivers
v0x55b271895d10_0 .net "sinal", 3 0, L_0x55b2718b1ec0;  alias, 1 drivers
v0x55b271895e00_0 .net/s "soma", 63 0, L_0x55b2718af5c0;  alias, 1 drivers
v0x55b271895ec0_0 .net "soma_", 0 0, L_0x55b2718ae580;  1 drivers
v0x55b271895f80_0 .net "zero", 0 0, L_0x55b2718afba0;  1 drivers
L_0x55b2718ae4e0 .part L_0x55b2718ae710, 1, 1;
L_0x55b2718ae580 .part L_0x55b2718ae710, 0, 1;
L_0x55b2718ae670 .arith/sum 64, L_0x55b2718b0cb0, L_0x55b2718b2650;
L_0x55b2718ae710 .part L_0x55b2718ae670, 0, 2;
L_0x55b2718ae800 .cmp/eq 4, L_0x55b2718b1ec0, L_0x7fee379631c8;
L_0x55b2718ae8f0 .arith/sum 64, L_0x55b2718b0cb0, L_0x55b2718b2650;
L_0x55b2718aeaf0 .cmp/eq 4, L_0x55b2718b1ec0, L_0x7fee37963210;
L_0x55b2718aecb0 .cmp/eq 4, L_0x55b2718b1ec0, L_0x7fee37963258;
L_0x55b2718aee10 .cmp/eq 4, L_0x55b2718b1ec0, L_0x7fee379632a0;
L_0x55b2718aeeb0 .arith/sub 64, L_0x55b2718b0cb0, L_0x55b2718b2650;
L_0x55b2718af020 .arith/sub 64, L_0x55b2718b0cb0, L_0x55b2718b2650;
L_0x55b2718af0c0 .functor MUXZ 64, L_0x55b2718af020, L_0x55b2718aeeb0, L_0x55b2718aee10, C4<>;
L_0x55b2718af220 .functor MUXZ 64, L_0x55b2718af0c0, L_0x55b2718aeda0, L_0x55b2718aecb0, C4<>;
L_0x55b2718af3b0 .functor MUXZ 64, L_0x55b2718af220, L_0x55b27181e7a0, L_0x55b2718aeaf0, C4<>;
L_0x55b2718af5c0 .functor MUXZ 64, L_0x55b2718af3b0, L_0x55b2718ae8f0, L_0x55b2718ae800, C4<>;
L_0x55b2718af700 .part L_0x55b2718af5c0, 63, 1;
L_0x55b2718af880 .cmp/eq 64, L_0x55b2718af5c0, L_0x7fee379632e8;
L_0x55b2718af970 .functor MUXZ 2, L_0x7fee37963378, L_0x7fee37963330, L_0x55b2718af880, C4<>;
L_0x55b2718afba0 .part L_0x55b2718af970, 0, 1;
L_0x55b2718afc90 .concat [ 1 1 1 0], L_0x55b2718ae4e0, L_0x55b2718af700, L_0x55b2718afba0;
L_0x55b2718afa10 .concat [ 3 1 0 0], L_0x55b2718afc90, L_0x7fee379633c0;
S_0x55b271896110 .scope module, "uvv" "Mux2" 6 100, 6 368 0, S_0x55b271887de0;
 .timescale 0 0;
    .port_info 0 /INPUT 64 "doutMem"
    .port_info 1 /INPUT 64 "soma"
    .port_info 2 /INPUT 1 "rf_src"
    .port_info 3 /OUTPUT 64 "S2"
v0x55b271896290_0 .net/s "S2", 63 0, L_0x55b2718b2920;  alias, 1 drivers
v0x55b2718963a0_0 .net *"_s0", 31 0, L_0x55b2718b2740;  1 drivers
L_0x7fee37963a38 .functor BUFT 1, C4<0000000000000000000000000000000>, C4<0>, C4<0>, C4<0>;
v0x55b271896460_0 .net *"_s3", 30 0, L_0x7fee37963a38;  1 drivers
L_0x7fee37963a80 .functor BUFT 1, C4<00000000000000000000000000000001>, C4<0>, C4<0>, C4<0>;
v0x55b271896550_0 .net/2u *"_s4", 31 0, L_0x7fee37963a80;  1 drivers
v0x55b271896630_0 .net *"_s6", 0 0, L_0x55b2718b27e0;  1 drivers
v0x55b271896740_0 .net8/s "doutMem", 63 0, RS_0x7fee379acb88;  alias, 2 drivers
v0x55b271896800_0 .net "rf_src", 0 0, L_0x55b27189db50;  alias, 1 drivers
v0x55b2718968a0_0 .net/s "soma", 63 0, L_0x55b2718af5c0;  alias, 1 drivers
L_0x55b2718b2740 .concat [ 1 31 0 0], L_0x55b27189db50, L_0x7fee37963a38;
L_0x55b2718b27e0 .cmp/eq 32, L_0x55b2718b2740, L_0x7fee37963a80;
L_0x55b2718b2920 .functor MUXZ 64, L_0x55b2718af5c0, RS_0x7fee379acb88, L_0x55b2718b27e0, C4<>;
S_0x55b271899630 .scope module, "uc_inst" "uc" 5 20, 7 1 0, S_0x55b2718879a0;
 .timescale 0 0;
    .port_info 0 /INPUT 1 "clk"
    .port_info 1 /INPUT 1 "rst_n"
    .port_info 2 /INPUT 7 "opcode"
    .port_info 3 /OUTPUT 1 "d_mem_we"
    .port_info 4 /OUTPUT 1 "rf_we"
    .port_info 5 /INPUT 4 "alu_flags"
    .port_info 6 /OUTPUT 4 "alu_cmd"
    .port_info 7 /OUTPUT 1 "alu_src"
    .port_info 8 /OUTPUT 1 "pc_src"
    .port_info 9 /OUTPUT 1 "rf_src"
L_0x55b27181e360 .functor NOT 1, v0x55b27189d8c0_0, C4<0>, C4<0>, C4<0>;
v0x55b27189b770_0 .net "alu_cmd", 3 0, L_0x55b27189dd20;  alias, 1 drivers
v0x55b27189b850_0 .net "alu_flags", 3 0, L_0x55b2718afa10;  alias, 1 drivers
v0x55b27189b910_0 .net "alu_src", 0 0, L_0x55b27189dbf0;  alias, 1 drivers
v0x55b27189b9b0_0 .net "clk", 0 0, v0x55b27189d820_0;  alias, 1 drivers
v0x55b27189ba50_0 .net "d_mem_we", 0 0, L_0x55b27189dab0;  alias, 1 drivers
v0x55b27189bbd0_0 .net "opcode", 6 0, L_0x55b2718b2da0;  alias, 1 drivers
v0x55b27189bd00_0 .net "pc_src", 0 0, v0x55b27189ab60_0;  alias, 1 drivers
v0x55b27189bda0_0 .net "rf_src", 0 0, L_0x55b27189db50;  alias, 1 drivers
v0x55b27189be40_0 .net "rf_we", 0 0, L_0x55b27189da10;  alias, 1 drivers
v0x55b27189bf70_0 .net "rst_n", 0 0, v0x55b27189d8c0_0;  alias, 1 drivers
v0x55b27189c010_0 .net "state_reg", 3 0, v0x55b27189a180_0;  1 drivers
S_0x55b271899920 .scope module, "sm" "state_machineUC" 7 14, 7 34 0, S_0x55b271899630;
 .timescale 0 0;
    .port_info 0 /INPUT 1 "clk"
    .port_info 1 /INPUT 1 "reset"
    .port_info 2 /OUTPUT 4 "state_reg"
P_0x55b271899af0 .param/l "DECODE" 0 7 39, C4<0010>;
P_0x55b271899b30 .param/l "EXECUTE" 0 7 39, C4<0011>;
P_0x55b271899b70 .param/l "FETCH" 0 7 39, C4<0001>;
P_0x55b271899bb0 .param/l "IDLE" 0 7 39, C4<0000>;
P_0x55b271899bf0 .param/l "WRITE_BACK" 0 7 40, C4<0100>;
v0x55b271899f60_0 .net "clk", 0 0, v0x55b27189d820_0;  alias, 1 drivers
v0x55b27189a020_0 .net "reset", 0 0, L_0x55b27181e360;  1 drivers
v0x55b27189a0c0_0 .var "state_next", 3 0;
v0x55b27189a180_0 .var "state_reg", 3 0;
E_0x55b271899ee0 .event posedge, v0x55b271897e90_0;
S_0x55b27189a2e0 .scope module, "uc" "UC" 7 20, 7 95 0, S_0x55b271899630;
 .timescale 0 0;
    .port_info 0 /INPUT 1 "clk"
    .port_info 1 /INPUT 4 "state_reg"
    .port_info 2 /INPUT 7 "opcode"
    .port_info 3 /OUTPUT 4 "alu_cmd"
    .port_info 4 /OUTPUT 1 "Mux1"
    .port_info 5 /OUTPUT 1 "Mux2"
    .port_info 6 /OUTPUT 1 "Mux3"
    .port_info 7 /OUTPUT 1 "weMem"
    .port_info 8 /OUTPUT 1 "weReg"
P_0x55b27189a4b0 .param/l "DECODE" 0 7 111, C4<0010>;
P_0x55b27189a4f0 .param/l "EXECUTE" 0 7 111, C4<0011>;
P_0x55b27189a530 .param/l "FETCH" 0 7 111, C4<0001>;
P_0x55b27189a570 .param/l "IDLE" 0 7 111, C4<0000>;
P_0x55b27189a5b0 .param/l "WRITE_BACK" 0 7 112, C4<0100>;
v0x55b27189a960_0 .net "Mux1", 0 0, L_0x55b27189dbf0;  alias, 1 drivers
v0x55b27189aa50_0 .net "Mux2", 0 0, L_0x55b27189db50;  alias, 1 drivers
v0x55b27189ab60_0 .var "Mux3", 0 0;
v0x55b27189ac50_0 .net *"_s7", 7 0, L_0x55b27189ddc0;  1 drivers
v0x55b27189acf0_0 .net "alu_cmd", 3 0, L_0x55b27189dd20;  alias, 1 drivers
o0x7fee379b06c8 .functor BUFZ 4, C4<zzzz>; HiZ drive
v0x55b27189ae50_0 .net "alu_flags", 3 0, o0x7fee379b06c8;  0 drivers
v0x55b27189af30_0 .net "clk", 0 0, v0x55b27189d820_0;  alias, 1 drivers
v0x55b27189b020_0 .var "control_UC", 8 0;
v0x55b27189b100_0 .net "opcode", 6 0, L_0x55b2718b2da0;  alias, 1 drivers
v0x55b27189b1c0_0 .var "reg_opcode", 6 0;
v0x55b27189b2a0_0 .net "state_reg", 3 0, v0x55b27189a180_0;  alias, 1 drivers
v0x55b27189b360_0 .var "weIR", 0 0;
v0x55b27189b400_0 .net "weMem", 0 0, L_0x55b27189dab0;  alias, 1 drivers
v0x55b27189b4a0_0 .var "wePc", 0 0;
v0x55b27189b560_0 .net "weReg", 0 0, L_0x55b27189da10;  alias, 1 drivers
L_0x55b27189da10 .part L_0x55b27189ddc0, 7, 1;
L_0x55b27189dab0 .part L_0x55b27189ddc0, 6, 1;
L_0x55b27189db50 .part L_0x55b27189ddc0, 5, 1;
L_0x55b27189dbf0 .part L_0x55b27189ddc0, 4, 1;
L_0x55b27189dd20 .part L_0x55b27189ddc0, 0, 4;
L_0x55b27189ddc0 .part v0x55b27189b020_0, 0, 8;
    .scope S_0x55b271899920;
T_0 ;
    %wait E_0x55b271899ee0;
    %load/vec4 v0x55b27189a020_0;
    %flag_set/vec4 8;
    %jmp/0xz  T_0.0, 8;
    %pushi/vec4 0, 0, 4;
    %assign/vec4 v0x55b27189a180_0, 0;
    %jmp T_0.1;
T_0.0 ;
    %load/vec4 v0x55b27189a180_0;
    %dup/vec4;
    %pushi/vec4 0, 0, 4;
    %cmp/u;
    %jmp/1 T_0.2, 6;
    %dup/vec4;
    %pushi/vec4 1, 0, 4;
    %cmp/u;
    %jmp/1 T_0.3, 6;
    %dup/vec4;
    %pushi/vec4 2, 0, 4;
    %cmp/u;
    %jmp/1 T_0.4, 6;
    %dup/vec4;
    %pushi/vec4 3, 0, 4;
    %cmp/u;
    %jmp/1 T_0.5, 6;
    %dup/vec4;
    %pushi/vec4 4, 0, 4;
    %cmp/u;
    %jmp/1 T_0.6, 6;
    %pushi/vec4 0, 0, 4;
    %store/vec4 v0x55b27189a0c0_0, 0, 4;
    %jmp T_0.8;
T_0.2 ;
    %pushi/vec4 1, 0, 4;
    %store/vec4 v0x55b27189a0c0_0, 0, 4;
    %jmp T_0.8;
T_0.3 ;
    %pushi/vec4 2, 0, 4;
    %store/vec4 v0x55b27189a0c0_0, 0, 4;
    %jmp T_0.8;
T_0.4 ;
    %pushi/vec4 3, 0, 4;
    %store/vec4 v0x55b27189a0c0_0, 0, 4;
    %jmp T_0.8;
T_0.5 ;
    %pushi/vec4 4, 0, 4;
    %store/vec4 v0x55b27189a0c0_0, 0, 4;
    %jmp T_0.8;
T_0.6 ;
    %pushi/vec4 0, 0, 4;
    %store/vec4 v0x55b27189a0c0_0, 0, 4;
    %jmp T_0.8;
T_0.8 ;
    %pop/vec4 1;
    %load/vec4 v0x55b27189a0c0_0;
    %assign/vec4 v0x55b27189a180_0, 0;
T_0.1 ;
    %jmp T_0;
    .thread T_0;
    .scope S_0x55b27189a2e0;
T_1 ;
    %wait E_0x55b271899ee0;
    %load/vec4 v0x55b27189b2a0_0;
    %dup/vec4;
    %pushi/vec4 0, 0, 4;
    %cmp/u;
    %jmp/1 T_1.0, 6;
    %dup/vec4;
    %pushi/vec4 1, 0, 4;
    %cmp/u;
    %jmp/1 T_1.1, 6;
    %dup/vec4;
    %pushi/vec4 2, 0, 4;
    %cmp/u;
    %jmp/1 T_1.2, 6;
    %dup/vec4;
    %pushi/vec4 3, 0, 4;
    %cmp/u;
    %jmp/1 T_1.3, 6;
    %dup/vec4;
    %pushi/vec4 4, 0, 4;
    %cmp/u;
    %jmp/1 T_1.4, 6;
    %jmp T_1.5;
T_1.0 ;
    %jmp T_1.5;
T_1.1 ;
    %jmp T_1.5;
T_1.2 ;
    %load/vec4 v0x55b27189b100_0;
    %assign/vec4 v0x55b27189b1c0_0, 0;
    %jmp T_1.5;
T_1.3 ;
    %load/vec4 v0x55b27189b1c0_0;
    %pushi/vec4 99, 0, 7;
    %cmp/e;
    %flag_get/vec4 4;
    %load/vec4 v0x55b27189ae50_0;
    %parti/s 1, 0, 2;
    %pad/u 32;
    %pushi/vec4 1, 0, 32;
    %cmp/e;
    %flag_get/vec4 4;
    %and;
    %flag_set/vec4 8;
    %jmp/0xz  T_1.6, 8;
    %pushi/vec4 1, 0, 1;
    %assign/vec4 v0x55b27189ab60_0, 0;
    %jmp T_1.7;
T_1.6 ;
    %pushi/vec4 0, 0, 1;
    %assign/vec4 v0x55b27189ab60_0, 0;
T_1.7 ;
    %load/vec4 v0x55b27189b1c0_0;
    %dup/vec4;
    %pushi/vec4 51, 0, 7;
    %cmp/u;
    %jmp/1 T_1.8, 6;
    %dup/vec4;
    %pushi/vec4 51, 0, 7;
    %cmp/u;
    %jmp/1 T_1.9, 6;
    %dup/vec4;
    %pushi/vec4 51, 0, 7;
    %cmp/u;
    %jmp/1 T_1.10, 6;
    %dup/vec4;
    %pushi/vec4 51, 0, 7;
    %cmp/u;
    %jmp/1 T_1.11, 6;
    %dup/vec4;
    %pushi/vec4 3, 0, 7;
    %cmp/u;
    %jmp/1 T_1.12, 6;
    %dup/vec4;
    %pushi/vec4 35, 0, 7;
    %cmp/u;
    %jmp/1 T_1.13, 6;
    %dup/vec4;
    %pushi/vec4 99, 0, 7;
    %cmp/u;
    %jmp/1 T_1.14, 6;
    %pushi/vec4 255, 255, 9;
    %assign/vec4 v0x55b27189b020_0, 0;
    %jmp T_1.16;
T_1.8 ;
    %pushi/vec4 128, 0, 9;
    %assign/vec4 v0x55b27189b020_0, 0;
    %jmp T_1.16;
T_1.9 ;
    %pushi/vec4 128, 0, 9;
    %assign/vec4 v0x55b27189b020_0, 0;
    %jmp T_1.16;
T_1.10 ;
    %pushi/vec4 128, 0, 9;
    %assign/vec4 v0x55b27189b020_0, 0;
    %jmp T_1.16;
T_1.11 ;
    %pushi/vec4 128, 0, 9;
    %assign/vec4 v0x55b27189b020_0, 0;
    %jmp T_1.16;
T_1.12 ;
    %pushi/vec4 177, 0, 9;
    %assign/vec4 v0x55b27189b020_0, 0;
    %jmp T_1.16;
T_1.13 ;
    %pushi/vec4 114, 0, 9;
    %assign/vec4 v0x55b27189b020_0, 0;
    %jmp T_1.16;
T_1.14 ;
    %pushi/vec4 35, 32, 9;
    %assign/vec4 v0x55b27189b020_0, 0;
    %jmp T_1.16;
T_1.16 ;
    %pop/vec4 1;
    %jmp T_1.5;
T_1.4 ;
    %jmp T_1.5;
T_1.5 ;
    %pop/vec4 1;
    %jmp T_1;
    .thread T_1;
    .scope S_0x55b2718923a0;
T_2 ;
    %pushi/vec4 0, 0, 64;
    %ix/load 4, 0, 0;
    %flag_set/imm 4, 0;
    %store/vec4a v0x55b271893250, 4, 0;
    %pushi/vec4 1, 0, 64;
    %ix/load 4, 1, 0;
    %flag_set/imm 4, 0;
    %store/vec4a v0x55b271893250, 4, 0;
    %pushi/vec4 1, 0, 64;
    %ix/load 4, 2, 0;
    %flag_set/imm 4, 0;
    %store/vec4a v0x55b271893250, 4, 0;
    %pushi/vec4 0, 0, 64;
    %ix/load 4, 3, 0;
    %flag_set/imm 4, 0;
    %store/vec4a v0x55b271893250, 4, 0;
    %pushi/vec4 4294967295, 0, 32;
    %concati/vec4 4294967295, 0, 32;
    %ix/load 4, 4, 0;
    %flag_set/imm 4, 0;
    %store/vec4a v0x55b271893250, 4, 0;
    %pushi/vec4 1, 0, 64;
    %ix/load 4, 5, 0;
    %flag_set/imm 4, 0;
    %store/vec4a v0x55b271893250, 4, 0;
    %pushi/vec4 62, 0, 64;
    %ix/load 4, 8, 0;
    %flag_set/imm 4, 0;
    %store/vec4a v0x55b271893250, 4, 0;
    %end;
    .thread T_2;
    .scope S_0x55b2718923a0;
T_3 ;
    %wait E_0x55b27188fae0;
    %load/vec4 v0x55b271893710_0;
    %flag_set/vec4 8;
    %jmp/0xz  T_3.0, 8;
    %load/vec4 v0x55b271892fb0_0;
    %load/vec4 v0x55b271892830_0;
    %pad/u 7;
    %ix/vec4 3;
    %ix/load 4, 0, 0; Constant delay
    %assign/vec4/a/d v0x55b271893250, 0, 4;
T_3.0 ;
    %jmp T_3;
    .thread T_3;
    .scope S_0x55b2718923a0;
T_4 ;
    %wait E_0x55b271892620;
    %vpi_call 6 342 "$display", "Conte\303\272do do x9 no banco de registradores: %d", &A<v0x55b271893250, 9> {0 0 0};
    %jmp T_4;
    .thread T_4, $push;
    .scope S_0x55b2718923a0;
T_5 ;
    %wait E_0x55b2718925c0;
    %vpi_call 6 348 "$display", "Conte\303\272do do x10 no banco de registradores: %d", &A<v0x55b271893250, 10> {0 0 0};
    %jmp T_5;
    .thread T_5, $push;
    .scope S_0x55b271891e40;
T_6 ;
    %pushi/vec4 0, 0, 32;
    %assign/vec4 v0x55b271892220_0, 0;
    %end;
    .thread T_6;
    .scope S_0x55b271891e40;
T_7 ;
    %wait E_0x55b27188fae0;
    %load/vec4 v0x55b271892150_0;
    %parti/s 6, 2, 3;
    %pad/u 32;
    %assign/vec4 v0x55b271892220_0, 0;
    %jmp T_7;
    .thread T_7;
    .scope S_0x55b27188f910;
T_8 ;
    %wait E_0x55b27188fae0;
    %load/vec4 v0x55b27188fc00_0;
    %assign/vec4 v0x55b27188fd10_0, 0;
    %jmp T_8;
    .thread T_8;
    .scope S_0x55b271887de0;
T_9 ;
    %pushi/vec4 0, 0, 2;
    %assign/vec4 v0x55b271897fd0_0, 0;
    %end;
    .thread T_9;
    .scope S_0x55b271887de0;
T_10 ;
    %wait E_0x55b271871810;
    %load/vec4 v0x55b271897fd0_0;
    %addi 1, 0, 2;
    %store/vec4 v0x55b271897fd0_0, 0, 2;
    %load/vec4 v0x55b271897fd0_0;
    %pad/u 32;
    %cmpi/e 4, 0, 32;
    %jmp/0xz  T_10.0, 4;
    %pushi/vec4 0, 0, 2;
    %assign/vec4 v0x55b271897fd0_0, 0;
T_10.0 ;
    %jmp T_10;
    .thread T_10, $push;
    .scope S_0x55b271831970;
T_11 ;
    %pushi/vec4 45, 0, 64;
    %ix/load 4, 0, 0;
    %flag_set/imm 4, 0;
    %store/vec4a v0x55b271885bd0, 4, 0;
    %pushi/vec4 11, 0, 64;
    %ix/load 4, 1, 0;
    %flag_set/imm 4, 0;
    %store/vec4a v0x55b271885bd0, 4, 0;
    %pushi/vec4 14, 0, 64;
    %ix/load 4, 3, 0;
    %flag_set/imm 4, 0;
    %store/vec4a v0x55b271885bd0, 4, 0;
    %end;
    .thread T_11;
    .scope S_0x55b271831970;
T_12 ;
    %wait E_0x55b271871420;
    %load/vec4 v0x55b2718316e0_0;
    %load/vec4 v0x55b27186ea60_0;
    %pad/u 7;
    %ix/vec4 3;
    %ix/load 4, 0, 0; Constant delay
    %assign/vec4/a/d v0x55b271885bd0, 0, 4;
    %jmp T_12;
    .thread T_12;
    .scope S_0x55b271831970;
T_13 ;
    %wait E_0x55b2718712d0;
    %vpi_call 4 58 "$display", "Conte\303\272do registrador 13 da mem\303\263ria: %d", &A<v0x55b271885bd0, 13> {0 0 0};
    %jmp T_13;
    .thread T_13, $push;
    .scope S_0x55b2718861d0;
T_14 ;
    %pushi/vec4 1114723, 0, 32;
    %ix/load 4, 0, 0;
    %flag_set/imm 4, 0;
    %store/vec4a v0x55b271886bd0, 4, 0;
    %pushi/vec4 3253123, 0, 32;
    %ix/load 4, 2, 0;
    %flag_set/imm 4, 0;
    %store/vec4a v0x55b271886bd0, 4, 0;
    %pushi/vec4 4270043043, 0, 32;
    %ix/load 4, 3, 0;
    %flag_set/imm 4, 0;
    %store/vec4a v0x55b271886bd0, 4, 0;
    %pushi/vec4 8422579, 0, 32;
    %ix/load 4, 4, 0;
    %flag_set/imm 4, 0;
    %store/vec4a v0x55b271886bd0, 4, 0;
    %pushi/vec4 1075053875, 0, 32;
    %ix/load 4, 5, 0;
    %flag_set/imm 4, 0;
    %store/vec4a v0x55b271886bd0, 4, 0;
    %pushi/vec4 1144371, 0, 32;
    %ix/load 4, 6, 0;
    %flag_set/imm 4, 0;
    %store/vec4a v0x55b271886bd0, 4, 0;
    %pushi/vec4 1173171, 0, 32;
    %ix/load 4, 7, 0;
    %flag_set/imm 4, 0;
    %store/vec4a v0x55b271886bd0, 4, 0;
    %end;
    .thread T_14;
    .scope S_0x55b2717cf6e0;
T_15 ;
    %vpi_call 2 18 "$dumpfile", "testbench.vcd" {0 0 0};
    %end;
    .thread T_15;
    .scope S_0x55b2717cf6e0;
T_16 ;
    %vpi_call 2 19 "$dumpvars", 32'sb00000000000000000000000000000000, S_0x55b2717cf6e0 {0 0 0};
    %end;
    .thread T_16;
    .scope S_0x55b2717cf6e0;
T_17 ;
    %pushi/vec4 0, 0, 1;
    %store/vec4 v0x55b27189d820_0, 0, 1;
    %pushi/vec4 0, 0, 1;
    %store/vec4 v0x55b27189d8c0_0, 0, 1;
    %delay 10, 0;
    %pushi/vec4 1, 0, 1;
    %store/vec4 v0x55b27189d8c0_0, 0, 1;
    %delay 10, 0;
    %delay 10, 0;
    %delay 10, 0;
    %delay 10, 0;
    %delay 10, 0;
    %delay 10, 0;
    %delay 10, 0;
    %delay 10, 0;
    %delay 10, 0;
    %delay 10, 0;
    %delay 10, 0;
    %delay 10, 0;
    %delay 10, 0;
    %delay 10, 0;
    %delay 10, 0;
    %delay 10, 0;
    %delay 10, 0;
    %delay 10, 0;
    %delay 10, 0;
    %vpi_call 2 50 "$display", "Fim da simula\303\247\303\243o" {0 0 0};
    %vpi_call 2 51 "$finish" {0 0 0};
    %end;
    .thread T_17;
    .scope S_0x55b2717cf6e0;
T_18 ;
    %delay 10, 0;
    %load/vec4 v0x55b27189d820_0;
    %inv;
    %store/vec4 v0x55b27189d820_0, 0, 1;
    %jmp T_18;
    .thread T_18;
# The file index is used to find the file name in the following table.
:file_names 8;
    "N/A";
    "<interactive>";
    "testbench.v";
    "processador.v";
    "memoria.v";
    "polirv.v";
    "Dataflow.v";
    "state_machineUC.v";
